2022-02-11 09:28:16.916 INFO  [acme.Launcher@main] Starting Launcher using Java 1.8.0_281 on ANDRSDURNTEB297 with PID 8680 (C:\Users\andres\Desktop\Workspace-22.0\Frameworks\Acme-Framework-22.0\target\classes started by andres in C:\Users\andres\Desktop\Workspace-22.0\Starters\Hello-World-22.0) 
2022-02-11 09:28:16.921 DEBUG [acme.Launcher@main] Running with Spring Boot v2.4.2, Spring v5.3.3 
2022-02-11 09:28:16.930 INFO  [acme.Launcher@main] The following profiles are active: development,default 
2022-02-11 09:28:22.871 DEBUG [org.apache.jasper.servlet.JasperInitializer@main] Initializing Jasper for context [application] 
2022-02-11 09:28:35.187 DEBUG [org.apache.jasper.servlet.JspServlet@main] Scratch dir for the JSP engine is: [C:\Users\andres\AppData\Local\Temp\tomcat.8080.2085771063939484800\work\Tomcat\localhost\hello-world-22.0] 
2022-02-11 09:28:35.191 DEBUG [org.apache.jasper.servlet.JspServlet@main] IMPORTANT: Do not modify the generated servlets 
2022-02-11 09:28:35.273 INFO  [acme.Launcher@main] Started Launcher in 20.578 seconds (JVM running for 23.667) 
2022-02-11 09:28:35.292 DEBUG [acme.Launcher@main] Found classpath entry '/C:/Users/andres/Desktop/Workspace-22.0/Starters/Hello-World-22.0/target/test-classes/' 
2022-02-11 09:28:35.293 DEBUG [acme.Launcher@main] Found classpath entry '/C:/Users/andres/Desktop/Workspace-22.0/Starters/Hello-World-22.0/target/classes/' 
2022-02-11 09:28:35.294 DEBUG [acme.Launcher@main] Found classpath entry '/C:/Users/andres/Desktop/Workspace-22.0/Frameworks/Acme-Framework-22.0/target/classes/' 
2022-02-11 09:28:35.296 DEBUG [acme.Launcher@main] Found classpath entry '/C:/Users/andres/Desktop/Workspace-22.0/Frameworks/Acme-Framework-22.0/target/test-classes/' 
2022-02-11 09:28:35.297 DEBUG [acme.Launcher@main] Found classpath entry '/C:/Users/andres/.m2/repository/org/springframework/boot/spring-boot-starter-tomcat/2.4.2/spring-boot-starter-tomcat-2.4.2.jar' 
2022-02-11 09:28:35.298 DEBUG [acme.Launcher@main] Found classpath entry '/C:/Users/andres/.m2/repository/jakarta/annotation/jakarta.annotation-api/1.3.5/jakarta.annotation-api-1.3.5.jar' 
2022-02-11 09:28:35.300 DEBUG [acme.Launcher@main] Found classpath entry '/C:/Users/andres/.m2/repository/org/apache/tomcat/embed/tomcat-embed-core/9.0.41/tomcat-embed-core-9.0.41.jar' 
2022-02-11 09:28:35.300 DEBUG [acme.Launcher@main] Found classpath entry '/C:/Users/andres/.m2/repository/org/glassfish/jakarta.el/3.0.3/jakarta.el-3.0.3.jar' 
2022-02-11 09:28:35.301 DEBUG [acme.Launcher@main] Found classpath entry '/C:/Users/andres/.m2/repository/org/apache/tomcat/embed/tomcat-embed-websocket/9.0.41/tomcat-embed-websocket-9.0.41.jar' 
2022-02-11 09:28:35.302 DEBUG [acme.Launcher@main] Found classpath entry '/C:/Users/andres/.m2/repository/org/apache/tomcat/embed/tomcat-embed-jasper/9.0.41/tomcat-embed-jasper-9.0.41.jar' 
2022-02-11 09:28:35.303 DEBUG [acme.Launcher@main] Found classpath entry '/C:/Users/andres/.m2/repository/org/apache/tomcat/embed/tomcat-embed-el/9.0.41/tomcat-embed-el-9.0.41.jar' 
2022-02-11 09:28:35.304 DEBUG [acme.Launcher@main] Found classpath entry '/C:/Users/andres/.m2/repository/org/eclipse/jdt/ecj/3.18.0/ecj-3.18.0.jar' 
2022-02-11 09:28:35.305 DEBUG [acme.Launcher@main] Found classpath entry '/C:/Users/andres/.m2/repository/javax/servlet/jstl/1.2/jstl-1.2.jar' 
2022-02-11 09:28:35.306 DEBUG [acme.Launcher@main] Found classpath entry '/C:/Users/andres/.m2/repository/org/springframework/boot/spring-boot-starter-test/2.4.2/spring-boot-starter-test-2.4.2.jar' 
2022-02-11 09:28:35.308 DEBUG [acme.Launcher@main] Found classpath entry '/C:/Users/andres/.m2/repository/org/springframework/boot/spring-boot-starter/2.4.2/spring-boot-starter-2.4.2.jar' 
2022-02-11 09:28:35.309 DEBUG [acme.Launcher@main] Found classpath entry '/C:/Users/andres/.m2/repository/org/springframework/boot/spring-boot/2.4.2/spring-boot-2.4.2.jar' 
2022-02-11 09:28:35.311 DEBUG [acme.Launcher@main] Found classpath entry '/C:/Users/andres/.m2/repository/org/springframework/boot/spring-boot-autoconfigure/2.4.2/spring-boot-autoconfigure-2.4.2.jar' 
2022-02-11 09:28:35.313 DEBUG [acme.Launcher@main] Found classpath entry '/C:/Users/andres/.m2/repository/org/springframework/boot/spring-boot-starter-logging/2.4.2/spring-boot-starter-logging-2.4.2.jar' 
2022-02-11 09:28:35.314 DEBUG [acme.Launcher@main] Found classpath entry '/C:/Users/andres/.m2/repository/ch/qos/logback/logback-classic/1.2.3/logback-classic-1.2.3.jar' 
2022-02-11 09:28:35.315 DEBUG [acme.Launcher@main] Found classpath entry '/C:/Users/andres/.m2/repository/ch/qos/logback/logback-core/1.2.3/logback-core-1.2.3.jar' 
2022-02-11 09:28:35.316 DEBUG [acme.Launcher@main] Found classpath entry '/C:/Users/andres/.m2/repository/org/apache/logging/log4j/log4j-to-slf4j/2.13.3/log4j-to-slf4j-2.13.3.jar' 
2022-02-11 09:28:35.317 DEBUG [acme.Launcher@main] Found classpath entry '/C:/Users/andres/.m2/repository/org/apache/logging/log4j/log4j-api/2.13.3/log4j-api-2.13.3.jar' 
2022-02-11 09:28:35.318 DEBUG [acme.Launcher@main] Found classpath entry '/C:/Users/andres/.m2/repository/org/slf4j/jul-to-slf4j/1.7.30/jul-to-slf4j-1.7.30.jar' 
2022-02-11 09:28:35.319 DEBUG [acme.Launcher@main] Found classpath entry '/C:/Users/andres/.m2/repository/org/yaml/snakeyaml/1.27/snakeyaml-1.27.jar' 
2022-02-11 09:28:35.319 DEBUG [acme.Launcher@main] Found classpath entry '/C:/Users/andres/.m2/repository/org/springframework/boot/spring-boot-test/2.4.2/spring-boot-test-2.4.2.jar' 
2022-02-11 09:28:35.320 DEBUG [acme.Launcher@main] Found classpath entry '/C:/Users/andres/.m2/repository/org/springframework/boot/spring-boot-test-autoconfigure/2.4.2/spring-boot-test-autoconfigure-2.4.2.jar' 
2022-02-11 09:28:35.321 DEBUG [acme.Launcher@main] Found classpath entry '/C:/Users/andres/.m2/repository/com/jayway/jsonpath/json-path/2.4.0/json-path-2.4.0.jar' 
2022-02-11 09:28:35.322 DEBUG [acme.Launcher@main] Found classpath entry '/C:/Users/andres/.m2/repository/net/minidev/json-smart/2.3/json-smart-2.3.jar' 
2022-02-11 09:28:35.322 DEBUG [acme.Launcher@main] Found classpath entry '/C:/Users/andres/.m2/repository/net/minidev/accessors-smart/1.2/accessors-smart-1.2.jar' 
2022-02-11 09:28:35.323 DEBUG [acme.Launcher@main] Found classpath entry '/C:/Users/andres/.m2/repository/org/ow2/asm/asm/5.0.4/asm-5.0.4.jar' 
2022-02-11 09:28:35.324 DEBUG [acme.Launcher@main] Found classpath entry '/C:/Users/andres/.m2/repository/jakarta/xml/bind/jakarta.xml.bind-api/2.3.3/jakarta.xml.bind-api-2.3.3.jar' 
2022-02-11 09:28:35.325 DEBUG [acme.Launcher@main] Found classpath entry '/C:/Users/andres/.m2/repository/jakarta/activation/jakarta.activation-api/1.2.2/jakarta.activation-api-1.2.2.jar' 
2022-02-11 09:28:35.326 DEBUG [acme.Launcher@main] Found classpath entry '/C:/Users/andres/.m2/repository/org/assertj/assertj-core/3.18.1/assertj-core-3.18.1.jar' 
2022-02-11 09:28:35.331 DEBUG [acme.Launcher@main] Found classpath entry '/C:/Users/andres/.m2/repository/org/hamcrest/hamcrest/2.2/hamcrest-2.2.jar' 
2022-02-11 09:28:35.333 DEBUG [acme.Launcher@main] Found classpath entry '/C:/Users/andres/.m2/repository/org/junit/jupiter/junit-jupiter/5.7.0/junit-jupiter-5.7.0.jar' 
2022-02-11 09:28:35.334 DEBUG [acme.Launcher@main] Found classpath entry '/C:/Users/andres/.m2/repository/org/mockito/mockito-core/3.6.28/mockito-core-3.6.28.jar' 
2022-02-11 09:28:35.338 DEBUG [acme.Launcher@main] Found classpath entry '/C:/Users/andres/.m2/repository/net/bytebuddy/byte-buddy-agent/1.10.19/byte-buddy-agent-1.10.19.jar' 
2022-02-11 09:28:35.341 DEBUG [acme.Launcher@main] Found classpath entry '/C:/Users/andres/.m2/repository/org/objenesis/objenesis/3.1/objenesis-3.1.jar' 
2022-02-11 09:28:35.342 DEBUG [acme.Launcher@main] Found classpath entry '/C:/Users/andres/.m2/repository/org/mockito/mockito-junit-jupiter/3.6.28/mockito-junit-jupiter-3.6.28.jar' 
2022-02-11 09:28:35.343 DEBUG [acme.Launcher@main] Found classpath entry '/C:/Users/andres/.m2/repository/org/skyscreamer/jsonassert/1.5.0/jsonassert-1.5.0.jar' 
2022-02-11 09:28:35.343 DEBUG [acme.Launcher@main] Found classpath entry '/C:/Users/andres/.m2/repository/com/vaadin/external/google/android-json/0.0.20131108.vaadin1/android-json-0.0.20131108.vaadin1.jar' 
2022-02-11 09:28:35.344 DEBUG [acme.Launcher@main] Found classpath entry '/C:/Users/andres/.m2/repository/org/springframework/spring-core/5.3.3/spring-core-5.3.3.jar' 
2022-02-11 09:28:35.345 DEBUG [acme.Launcher@main] Found classpath entry '/C:/Users/andres/.m2/repository/org/springframework/spring-jcl/5.3.3/spring-jcl-5.3.3.jar' 
2022-02-11 09:28:35.347 DEBUG [acme.Launcher@main] Found classpath entry '/C:/Users/andres/.m2/repository/org/springframework/spring-test/5.3.3/spring-test-5.3.3.jar' 
2022-02-11 09:28:35.348 DEBUG [acme.Launcher@main] Found classpath entry '/C:/Users/andres/.m2/repository/org/xmlunit/xmlunit-core/2.7.0/xmlunit-core-2.7.0.jar' 
2022-02-11 09:28:35.349 DEBUG [acme.Launcher@main] Found classpath entry '/C:/Users/andres/.m2/repository/org/springframework/boot/spring-boot-starter-security/2.4.2/spring-boot-starter-security-2.4.2.jar' 
2022-02-11 09:28:35.349 DEBUG [acme.Launcher@main] Found classpath entry '/C:/Users/andres/.m2/repository/org/springframework/spring-aop/5.3.3/spring-aop-5.3.3.jar' 
2022-02-11 09:28:35.350 DEBUG [acme.Launcher@main] Found classpath entry '/C:/Users/andres/.m2/repository/org/springframework/security/spring-security-web/5.4.2/spring-security-web-5.4.2.jar' 
2022-02-11 09:28:35.351 DEBUG [acme.Launcher@main] Found classpath entry '/C:/Users/andres/.m2/repository/org/springframework/security/spring-security-core/5.4.2/spring-security-core-5.4.2.jar' 
2022-02-11 09:28:35.351 DEBUG [acme.Launcher@main] Found classpath entry '/C:/Users/andres/.m2/repository/org/springframework/spring-beans/5.3.3/spring-beans-5.3.3.jar' 
2022-02-11 09:28:35.352 DEBUG [acme.Launcher@main] Found classpath entry '/C:/Users/andres/.m2/repository/org/springframework/spring-context/5.3.3/spring-context-5.3.3.jar' 
2022-02-11 09:28:35.353 DEBUG [acme.Launcher@main] Found classpath entry '/C:/Users/andres/.m2/repository/org/springframework/spring-expression/5.3.3/spring-expression-5.3.3.jar' 
2022-02-11 09:28:35.354 DEBUG [acme.Launcher@main] Found classpath entry '/C:/Users/andres/.m2/repository/org/springframework/spring-web/5.3.3/spring-web-5.3.3.jar' 
2022-02-11 09:28:35.354 DEBUG [acme.Launcher@main] Found classpath entry '/C:/Users/andres/.m2/repository/org/springframework/security/spring-security-config/5.4.2/spring-security-config-5.4.2.jar' 
2022-02-11 09:28:35.355 DEBUG [acme.Launcher@main] Found classpath entry '/C:/Users/andres/.m2/repository/org/springframework/security/spring-security-taglibs/5.4.2/spring-security-taglibs-5.4.2.jar' 
2022-02-11 09:28:35.355 DEBUG [acme.Launcher@main] Found classpath entry '/C:/Users/andres/.m2/repository/org/springframework/security/spring-security-acl/5.4.2/spring-security-acl-5.4.2.jar' 
2022-02-11 09:28:35.357 DEBUG [acme.Launcher@main] Found classpath entry '/C:/Users/andres/.m2/repository/org/springframework/spring-jdbc/5.3.3/spring-jdbc-5.3.3.jar' 
2022-02-11 09:28:35.357 DEBUG [acme.Launcher@main] Found classpath entry '/C:/Users/andres/.m2/repository/org/springframework/spring-tx/5.3.3/spring-tx-5.3.3.jar' 
2022-02-11 09:28:35.358 DEBUG [acme.Launcher@main] Found classpath entry '/C:/Users/andres/.m2/repository/org/springframework/boot/spring-boot-starter-web/2.4.2/spring-boot-starter-web-2.4.2.jar' 
2022-02-11 09:28:35.359 DEBUG [acme.Launcher@main] Found classpath entry '/C:/Users/andres/.m2/repository/org/springframework/boot/spring-boot-starter-json/2.4.2/spring-boot-starter-json-2.4.2.jar' 
2022-02-11 09:28:35.360 DEBUG [acme.Launcher@main] Found classpath entry '/C:/Users/andres/.m2/repository/com/fasterxml/jackson/core/jackson-databind/2.11.4/jackson-databind-2.11.4.jar' 
2022-02-11 09:28:35.360 DEBUG [acme.Launcher@main] Found classpath entry '/C:/Users/andres/.m2/repository/com/fasterxml/jackson/core/jackson-annotations/2.11.4/jackson-annotations-2.11.4.jar' 
2022-02-11 09:28:35.362 DEBUG [acme.Launcher@main] Found classpath entry '/C:/Users/andres/.m2/repository/com/fasterxml/jackson/core/jackson-core/2.11.4/jackson-core-2.11.4.jar' 
2022-02-11 09:28:35.362 DEBUG [acme.Launcher@main] Found classpath entry '/C:/Users/andres/.m2/repository/com/fasterxml/jackson/datatype/jackson-datatype-jdk8/2.11.4/jackson-datatype-jdk8-2.11.4.jar' 
2022-02-11 09:28:35.362 DEBUG [acme.Launcher@main] Found classpath entry '/C:/Users/andres/.m2/repository/com/fasterxml/jackson/datatype/jackson-datatype-jsr310/2.11.4/jackson-datatype-jsr310-2.11.4.jar' 
2022-02-11 09:28:35.363 DEBUG [acme.Launcher@main] Found classpath entry '/C:/Users/andres/.m2/repository/com/fasterxml/jackson/module/jackson-module-parameter-names/2.11.4/jackson-module-parameter-names-2.11.4.jar' 
2022-02-11 09:28:35.364 DEBUG [acme.Launcher@main] Found classpath entry '/C:/Users/andres/.m2/repository/org/springframework/spring-webmvc/5.3.3/spring-webmvc-5.3.3.jar' 
2022-02-11 09:28:35.365 DEBUG [acme.Launcher@main] Found classpath entry '/C:/Users/andres/.m2/repository/org/apache/tiles/tiles-jsp/3.0.8/tiles-jsp-3.0.8.jar' 
2022-02-11 09:28:35.366 DEBUG [acme.Launcher@main] Found classpath entry '/C:/Users/andres/.m2/repository/org/apache/tiles/tiles-servlet/3.0.8/tiles-servlet-3.0.8.jar' 
2022-02-11 09:28:35.366 DEBUG [acme.Launcher@main] Found classpath entry '/C:/Users/andres/.m2/repository/org/apache/tiles/tiles-core/3.0.8/tiles-core-3.0.8.jar' 
2022-02-11 09:28:35.367 DEBUG [acme.Launcher@main] Found classpath entry '/C:/Users/andres/.m2/repository/commons-digester/commons-digester/2.0/commons-digester-2.0.jar' 
2022-02-11 09:28:35.368 DEBUG [acme.Launcher@main] Found classpath entry '/C:/Users/andres/.m2/repository/org/slf4j/jcl-over-slf4j/1.7.30/jcl-over-slf4j-1.7.30.jar' 
2022-02-11 09:28:35.368 DEBUG [acme.Launcher@main] Found classpath entry '/C:/Users/andres/.m2/repository/org/apache/tiles/tiles-request-servlet/1.0.7/tiles-request-servlet-1.0.7.jar' 
2022-02-11 09:28:35.370 DEBUG [acme.Launcher@main] Found classpath entry '/C:/Users/andres/.m2/repository/org/apache/tiles/tiles-template/3.0.8/tiles-template-3.0.8.jar' 
2022-02-11 09:28:35.370 DEBUG [acme.Launcher@main] Found classpath entry '/C:/Users/andres/.m2/repository/org/apache/tiles/tiles-api/3.0.8/tiles-api-3.0.8.jar' 
2022-02-11 09:28:35.370 DEBUG [acme.Launcher@main] Found classpath entry '/C:/Users/andres/.m2/repository/org/apache/tiles/tiles-autotag-core-runtime/1.2/tiles-autotag-core-runtime-1.2.jar' 
2022-02-11 09:28:35.371 DEBUG [acme.Launcher@main] Found classpath entry '/C:/Users/andres/.m2/repository/org/slf4j/slf4j-api/1.7.30/slf4j-api-1.7.30.jar' 
2022-02-11 09:28:35.371 DEBUG [acme.Launcher@main] Found classpath entry '/C:/Users/andres/.m2/repository/org/apache/tiles/tiles-request-jsp/1.0.7/tiles-request-jsp-1.0.7.jar' 
2022-02-11 09:28:35.372 DEBUG [acme.Launcher@main] Found classpath entry '/C:/Users/andres/.m2/repository/org/apache/tiles/tiles-request-api/1.0.7/tiles-request-api-1.0.7.jar' 
2022-02-11 09:28:35.373 DEBUG [acme.Launcher@main] Found classpath entry '/C:/Users/andres/.m2/repository/org/springframework/boot/spring-boot-starter-data-jpa/2.4.2/spring-boot-starter-data-jpa-2.4.2.jar' 
2022-02-11 09:28:35.374 DEBUG [acme.Launcher@main] Found classpath entry '/C:/Users/andres/.m2/repository/org/springframework/boot/spring-boot-starter-aop/2.4.2/spring-boot-starter-aop-2.4.2.jar' 
2022-02-11 09:28:35.375 DEBUG [acme.Launcher@main] Found classpath entry '/C:/Users/andres/.m2/repository/org/aspectj/aspectjweaver/1.9.6/aspectjweaver-1.9.6.jar' 
2022-02-11 09:28:35.376 DEBUG [acme.Launcher@main] Found classpath entry '/C:/Users/andres/.m2/repository/org/springframework/boot/spring-boot-starter-jdbc/2.4.2/spring-boot-starter-jdbc-2.4.2.jar' 
2022-02-11 09:28:35.378 DEBUG [acme.Launcher@main] Found classpath entry '/C:/Users/andres/.m2/repository/jakarta/transaction/jakarta.transaction-api/1.3.3/jakarta.transaction-api-1.3.3.jar' 
2022-02-11 09:28:35.378 DEBUG [acme.Launcher@main] Found classpath entry '/C:/Users/andres/.m2/repository/jakarta/persistence/jakarta.persistence-api/2.2.3/jakarta.persistence-api-2.2.3.jar' 
2022-02-11 09:28:35.379 DEBUG [acme.Launcher@main] Found classpath entry '/C:/Users/andres/.m2/repository/org/hibernate/hibernate-core/5.4.27.Final/hibernate-core-5.4.27.Final.jar' 
2022-02-11 09:28:35.382 DEBUG [acme.Launcher@main] Found classpath entry '/C:/Users/andres/.m2/repository/org/jboss/logging/jboss-logging/3.4.1.Final/jboss-logging-3.4.1.Final.jar' 
2022-02-11 09:28:35.385 DEBUG [acme.Launcher@main] Found classpath entry '/C:/Users/andres/.m2/repository/org/javassist/javassist/3.27.0-GA/javassist-3.27.0-GA.jar' 
2022-02-11 09:28:35.386 DEBUG [acme.Launcher@main] Found classpath entry '/C:/Users/andres/.m2/repository/antlr/antlr/2.7.7/antlr-2.7.7.jar' 
2022-02-11 09:28:35.386 DEBUG [acme.Launcher@main] Found classpath entry '/C:/Users/andres/.m2/repository/org/jboss/jandex/2.1.3.Final/jandex-2.1.3.Final.jar' 
2022-02-11 09:28:35.387 DEBUG [acme.Launcher@main] Found classpath entry '/C:/Users/andres/.m2/repository/com/fasterxml/classmate/1.5.1/classmate-1.5.1.jar' 
2022-02-11 09:28:35.391 DEBUG [acme.Launcher@main] Found classpath entry '/C:/Users/andres/.m2/repository/org/dom4j/dom4j/2.1.3/dom4j-2.1.3.jar' 
2022-02-11 09:28:35.393 DEBUG [acme.Launcher@main] Found classpath entry '/C:/Users/andres/.m2/repository/org/hibernate/common/hibernate-commons-annotations/5.1.2.Final/hibernate-commons-annotations-5.1.2.Final.jar' 
2022-02-11 09:28:35.395 DEBUG [acme.Launcher@main] Found classpath entry '/C:/Users/andres/.m2/repository/org/glassfish/jaxb/jaxb-runtime/2.3.3/jaxb-runtime-2.3.3.jar' 
2022-02-11 09:28:35.396 DEBUG [acme.Launcher@main] Found classpath entry '/C:/Users/andres/.m2/repository/org/glassfish/jaxb/txw2/2.3.3/txw2-2.3.3.jar' 
2022-02-11 09:28:35.396 DEBUG [acme.Launcher@main] Found classpath entry '/C:/Users/andres/.m2/repository/com/sun/istack/istack-commons-runtime/3.0.11/istack-commons-runtime-3.0.11.jar' 
2022-02-11 09:28:35.397 DEBUG [acme.Launcher@main] Found classpath entry '/C:/Users/andres/.m2/repository/com/sun/activation/jakarta.activation/1.2.2/jakarta.activation-1.2.2.jar' 
2022-02-11 09:28:35.397 DEBUG [acme.Launcher@main] Found classpath entry '/C:/Users/andres/.m2/repository/org/springframework/data/spring-data-jpa/2.4.3/spring-data-jpa-2.4.3.jar' 
2022-02-11 09:28:35.398 DEBUG [acme.Launcher@main] Found classpath entry '/C:/Users/andres/.m2/repository/org/springframework/data/spring-data-commons/2.4.3/spring-data-commons-2.4.3.jar' 
2022-02-11 09:28:35.399 DEBUG [acme.Launcher@main] Found classpath entry '/C:/Users/andres/.m2/repository/org/springframework/spring-orm/5.3.3/spring-orm-5.3.3.jar' 
2022-02-11 09:28:35.399 DEBUG [acme.Launcher@main] Found classpath entry '/C:/Users/andres/.m2/repository/org/springframework/spring-aspects/5.3.3/spring-aspects-5.3.3.jar' 
2022-02-11 09:28:35.401 DEBUG [acme.Launcher@main] Found classpath entry '/C:/Users/andres/.m2/repository/org/springframework/boot/spring-boot-starter-validation/2.4.2/spring-boot-starter-validation-2.4.2.jar' 
2022-02-11 09:28:35.402 DEBUG [acme.Launcher@main] Found classpath entry '/C:/Users/andres/.m2/repository/org/hibernate/validator/hibernate-validator/6.1.7.Final/hibernate-validator-6.1.7.Final.jar' 
2022-02-11 09:28:35.403 DEBUG [acme.Launcher@main] Found classpath entry '/C:/Users/andres/.m2/repository/jakarta/validation/jakarta.validation-api/2.0.2/jakarta.validation-api-2.0.2.jar' 
2022-02-11 09:28:35.404 DEBUG [acme.Launcher@main] Found classpath entry '/C:/Users/andres/.m2/repository/mysql/mysql-connector-java/8.0.22/mysql-connector-java-8.0.22.jar' 
2022-02-11 09:28:35.406 DEBUG [acme.Launcher@main] Found classpath entry '/C:/Users/andres/.m2/repository/com/zaxxer/HikariCP/3.4.5/HikariCP-3.4.5.jar' 
2022-02-11 09:28:35.406 DEBUG [acme.Launcher@main] Found classpath entry '/C:/Users/andres/.m2/repository/org/junit/jupiter/junit-jupiter-engine/5.7.0/junit-jupiter-engine-5.7.0.jar' 
2022-02-11 09:28:35.407 DEBUG [acme.Launcher@main] Found classpath entry '/C:/Users/andres/.m2/repository/org/apiguardian/apiguardian-api/1.1.0/apiguardian-api-1.1.0.jar' 
2022-02-11 09:28:35.408 DEBUG [acme.Launcher@main] Found classpath entry '/C:/Users/andres/.m2/repository/org/junit/platform/junit-platform-engine/1.7.0/junit-platform-engine-1.7.0.jar' 
2022-02-11 09:28:35.408 DEBUG [acme.Launcher@main] Found classpath entry '/C:/Users/andres/.m2/repository/org/junit/jupiter/junit-jupiter-api/5.7.0/junit-jupiter-api-5.7.0.jar' 
2022-02-11 09:28:35.409 DEBUG [acme.Launcher@main] Found classpath entry '/C:/Users/andres/.m2/repository/org/opentest4j/opentest4j/1.2.0/opentest4j-1.2.0.jar' 
2022-02-11 09:28:35.410 DEBUG [acme.Launcher@main] Found classpath entry '/C:/Users/andres/.m2/repository/org/junit/platform/junit-platform-commons/1.7.0/junit-platform-commons-1.7.0.jar' 
2022-02-11 09:28:35.410 DEBUG [acme.Launcher@main] Found classpath entry '/C:/Users/andres/.m2/repository/org/junit/jupiter/junit-jupiter-params/5.7.0/junit-jupiter-params-5.7.0.jar' 
2022-02-11 09:28:35.412 DEBUG [acme.Launcher@main] Found classpath entry '/C:/Users/andres/.m2/repository/org/junit/platform/junit-platform-launcher/1.7.0/junit-platform-launcher-1.7.0.jar' 
2022-02-11 09:28:35.413 DEBUG [acme.Launcher@main] Found classpath entry '/C:/Users/andres/.m2/repository/org/seleniumhq/selenium/selenium-java/3.141.59/selenium-java-3.141.59.jar' 
2022-02-11 09:28:35.413 DEBUG [acme.Launcher@main] Found classpath entry '/C:/Users/andres/.m2/repository/org/seleniumhq/selenium/selenium-api/3.141.59/selenium-api-3.141.59.jar' 
2022-02-11 09:28:35.414 DEBUG [acme.Launcher@main] Found classpath entry '/C:/Users/andres/.m2/repository/org/seleniumhq/selenium/selenium-chrome-driver/3.141.59/selenium-chrome-driver-3.141.59.jar' 
2022-02-11 09:28:35.414 DEBUG [acme.Launcher@main] Found classpath entry '/C:/Users/andres/.m2/repository/org/seleniumhq/selenium/selenium-edge-driver/3.141.59/selenium-edge-driver-3.141.59.jar' 
2022-02-11 09:28:35.416 DEBUG [acme.Launcher@main] Found classpath entry '/C:/Users/andres/.m2/repository/org/seleniumhq/selenium/selenium-firefox-driver/3.141.59/selenium-firefox-driver-3.141.59.jar' 
2022-02-11 09:28:35.417 DEBUG [acme.Launcher@main] Found classpath entry '/C:/Users/andres/.m2/repository/org/seleniumhq/selenium/selenium-ie-driver/3.141.59/selenium-ie-driver-3.141.59.jar' 
2022-02-11 09:28:35.420 DEBUG [acme.Launcher@main] Found classpath entry '/C:/Users/andres/.m2/repository/org/seleniumhq/selenium/selenium-opera-driver/3.141.59/selenium-opera-driver-3.141.59.jar' 
2022-02-11 09:28:35.424 DEBUG [acme.Launcher@main] Found classpath entry '/C:/Users/andres/.m2/repository/org/seleniumhq/selenium/selenium-remote-driver/3.141.59/selenium-remote-driver-3.141.59.jar' 
2022-02-11 09:28:35.432 DEBUG [acme.Launcher@main] Found classpath entry '/C:/Users/andres/.m2/repository/org/seleniumhq/selenium/selenium-safari-driver/3.141.59/selenium-safari-driver-3.141.59.jar' 
2022-02-11 09:28:35.434 DEBUG [acme.Launcher@main] Found classpath entry '/C:/Users/andres/.m2/repository/org/seleniumhq/selenium/selenium-support/3.141.59/selenium-support-3.141.59.jar' 
2022-02-11 09:28:35.434 DEBUG [acme.Launcher@main] Found classpath entry '/C:/Users/andres/.m2/repository/net/bytebuddy/byte-buddy/1.10.19/byte-buddy-1.10.19.jar' 
2022-02-11 09:28:35.435 DEBUG [acme.Launcher@main] Found classpath entry '/C:/Users/andres/.m2/repository/org/apache/commons/commons-exec/1.3/commons-exec-1.3.jar' 
2022-02-11 09:28:35.436 DEBUG [acme.Launcher@main] Found classpath entry '/C:/Users/andres/.m2/repository/com/google/guava/guava/25.0-jre/guava-25.0-jre.jar' 
2022-02-11 09:28:35.436 DEBUG [acme.Launcher@main] Found classpath entry '/C:/Users/andres/.m2/repository/com/google/code/findbugs/jsr305/1.3.9/jsr305-1.3.9.jar' 
2022-02-11 09:28:35.437 DEBUG [acme.Launcher@main] Found classpath entry '/C:/Users/andres/.m2/repository/org/checkerframework/checker-compat-qual/2.0.0/checker-compat-qual-2.0.0.jar' 
2022-02-11 09:28:35.437 DEBUG [acme.Launcher@main] Found classpath entry '/C:/Users/andres/.m2/repository/com/google/errorprone/error_prone_annotations/2.1.3/error_prone_annotations-2.1.3.jar' 
2022-02-11 09:28:35.438 DEBUG [acme.Launcher@main] Found classpath entry '/C:/Users/andres/.m2/repository/com/google/j2objc/j2objc-annotations/1.1/j2objc-annotations-1.1.jar' 
2022-02-11 09:28:35.439 DEBUG [acme.Launcher@main] Found classpath entry '/C:/Users/andres/.m2/repository/org/codehaus/mojo/animal-sniffer-annotations/1.14/animal-sniffer-annotations-1.14.jar' 
2022-02-11 09:28:35.440 DEBUG [acme.Launcher@main] Found classpath entry '/C:/Users/andres/.m2/repository/com/squareup/okhttp3/okhttp/3.14.9/okhttp-3.14.9.jar' 
2022-02-11 09:28:35.441 DEBUG [acme.Launcher@main] Found classpath entry '/C:/Users/andres/.m2/repository/com/squareup/okio/okio/1.14.0/okio-1.14.0.jar' 
2022-02-11 09:28:35.441 DEBUG [acme.Launcher@main] Found classpath entry '/C:/Users/andres/.m2/repository/org/apache/commons/commons-lang3/3.11/commons-lang3-3.11.jar' 
2022-02-11 09:28:35.442 DEBUG [acme.Launcher@main] Found classpath entry '/C:/Users/andres/.m2/repository/org/apache/commons/commons-text/1.8/commons-text-1.8.jar' 
2022-02-11 09:28:35.442 DEBUG [acme.Launcher@main] Found classpath entry '/C:/Users/andres/.m2/repository/commons-io/commons-io/2.6/commons-io-2.6.jar' 
2022-02-11 09:28:35.443 DEBUG [acme.Launcher@main] Found classpath entry '/C:/Users/andres/.m2/repository/commons-cli/commons-cli/1.4/commons-cli-1.4.jar' 
2022-02-11 09:28:35.443 DEBUG [acme.Launcher@main] Found classpath entry '/C:/Users/andres/.m2/repository/org/projectlombok/lombok/1.18.16/lombok-1.18.16.jar' 
2022-02-11 09:28:35.444 DEBUG [acme.Launcher@main] Found classpath entry '/C:/Users/andres/.m2/repository/com/opencsv/opencsv/5.4/opencsv-5.4.jar' 
2022-02-11 09:28:35.444 DEBUG [acme.Launcher@main] Found classpath entry '/C:/Users/andres/.m2/repository/commons-beanutils/commons-beanutils/1.9.4/commons-beanutils-1.9.4.jar' 
2022-02-11 09:28:35.445 DEBUG [acme.Launcher@main] Found classpath entry '/C:/Users/andres/.m2/repository/commons-logging/commons-logging/1.2/commons-logging-1.2.jar' 
2022-02-11 09:28:35.445 DEBUG [acme.Launcher@main] Found classpath entry '/C:/Users/andres/.m2/repository/commons-collections/commons-collections/3.2.2/commons-collections-3.2.2.jar' 
2022-02-11 09:28:35.446 DEBUG [acme.Launcher@main] Found classpath entry '/C:/Users/andres/.m2/repository/org/apache/commons/commons-collections4/4.4/commons-collections4-4.4.jar' 
2022-02-11 09:28:35.446 DEBUG [acme.Launcher@main] Found classpath entry '/C:/Users/andres/Desktop/Workspace-22.0/Tools/IDEs/eclipse-jee-2021-12-R/configuration/org.eclipse.osgi/418/0/.cp/lib/javaagent-shaded.jar' 
2022-02-11 09:28:35.603 DEBUG [acme.Launcher@main] Found entity class 'acme.roles.Consumer 
2022-02-11 09:28:35.604 DEBUG [acme.Launcher@main] Found entity class 'acme.roles.Provider 
2022-02-11 09:28:35.605 DEBUG [acme.Launcher@main] Found entity class 'acme.framework.entities.UserAccount 
2022-02-11 09:28:35.605 DEBUG [acme.Launcher@main] Found entity class 'acme.framework.roles.Administrator 
2022-02-11 09:28:35.605 DEBUG [acme.Launcher@main] Found entity class 'acme.framework.roles.Anonymous 
2022-02-11 09:28:35.606 DEBUG [acme.Launcher@main] Found entity class 'acme.framework.roles.Authenticated 
2022-02-11 09:28:35.623 INFO  [acme.Launcher@main] Running application (Standalone) 
2022-02-11 09:29:08.974 DEBUG [acme.framework.components.tiles.DynamicTilesView@http-nio-8080-exec-2] View name 'fragments/welcome', model {} 
2022-02-11 09:29:09.066 DEBUG [org.apache.tiles.definition.dao.BaseLocaleUrlDefinitionDAO@http-nio-8080-exec-2] File Resource file:/C:/Users/andres/Desktop/Workspace-22.0/Starters/Hello-World-22.0/target/classes/WEB-INF/views/master/tiles_en.xml at file:/C:/Users/andres/Desktop/Workspace-22.0/Starters/Hello-World-22.0/target/classes/WEB-INF/views/master/tiles_en.xml not found, continue 
2022-02-11 09:29:09.099 DEBUG [org.apache.jasper.servlet.JspServlet@http-nio-8080-exec-2] JspEngine --> /WEB-INF/views/master/page.jsp 
2022-02-11 09:29:09.100 DEBUG [org.apache.jasper.servlet.JspServlet@http-nio-8080-exec-2] ServletPath: /WEB-INF/views/master/page.jsp 
2022-02-11 09:29:09.101 DEBUG [org.apache.jasper.servlet.JspServlet@http-nio-8080-exec-2] PathInfo: null 
2022-02-11 09:29:09.103 DEBUG [org.apache.jasper.servlet.JspServlet@http-nio-8080-exec-2] RealPath: C:\Users\andres\Desktop\Workspace-22.0\Starters\Hello-World-22.0\target\classes\WEB-INF\views\master\page.jsp 
2022-02-11 09:29:09.105 DEBUG [org.apache.jasper.servlet.JspServlet@http-nio-8080-exec-2] RequestURI: /hello-world-22.0/WEB-INF/views/master/page.jsp 
2022-02-11 09:29:09.107 DEBUG [org.apache.jasper.servlet.JspServlet@http-nio-8080-exec-2] QueryString: null 
2022-02-11 09:29:16.525 DEBUG [acme.framework.configuration.ExtendedMessageSource@http-nio-8080-exec-2] Loading properties [messsages-en.i18n] with encoding 'utf-8' 
2022-02-11 09:29:16.532 DEBUG [acme.framework.configuration.ExtendedMessageSource@http-nio-8080-exec-2] Loading properties [messsages-en.i18n] with encoding 'utf-8' 
2022-02-11 09:29:16.535 DEBUG [acme.framework.configuration.ExtendedMessageSource@http-nio-8080-exec-2] Loading properties [messsages-en.i18n] with encoding 'utf-8' 
2022-02-11 09:29:16.537 DEBUG [acme.framework.configuration.ExtendedMessageSource@http-nio-8080-exec-2] Loading properties [messsages-en.i18n] with encoding 'utf-8' 
2022-02-11 09:29:16.538 DEBUG [acme.framework.configuration.ExtendedMessageSource@http-nio-8080-exec-2] Loading properties [messsages-en.i18n] with encoding 'utf-8' 
2022-02-11 09:29:16.540 DEBUG [acme.framework.configuration.ExtendedMessageSource@http-nio-8080-exec-2] Loading properties [banner-en.i18n] with encoding 'utf-8' 
2022-02-11 09:29:16.541 DEBUG [acme.framework.configuration.ExtendedMessageSource@http-nio-8080-exec-2] Loading properties [company-en.i18n] with encoding 'utf-8' 
2022-02-11 09:29:16.544 DEBUG [acme.framework.configuration.ExtendedMessageSource@http-nio-8080-exec-2] Loading properties [footer-en.i18n] with encoding 'utf-8' 
2022-02-11 09:29:16.546 DEBUG [acme.framework.configuration.ExtendedMessageSource@http-nio-8080-exec-2] Loading properties [license-en.i18n] with encoding 'utf-8' 
2022-02-11 09:29:16.548 DEBUG [acme.framework.configuration.ExtendedMessageSource@http-nio-8080-exec-2] Loading properties [menu-en.i18n] with encoding 'utf-8' 
2022-02-11 09:29:16.549 DEBUG [acme.framework.configuration.ExtendedMessageSource@http-nio-8080-exec-2] Loading properties [messsages-en.i18n] with encoding 'utf-8' 
2022-02-11 09:29:16.551 DEBUG [acme.framework.configuration.ExtendedMessageSource@http-nio-8080-exec-2] Loading properties [title-en.i18n] with encoding 'utf-8' 
2022-02-11 09:29:16.552 DEBUG [acme.framework.configuration.ExtendedMessageSource@http-nio-8080-exec-2] Loading properties [welcome-en.i18n] with encoding 'utf-8' 
2022-02-11 09:29:16.553 DEBUG [acme.framework.configuration.ExtendedMessageSource@http-nio-8080-exec-2] Loading properties [defaults-en.i18n] with encoding 'utf-8' 
2022-02-11 09:29:16.554 DEBUG [acme.framework.configuration.ExtendedMessageSource@http-nio-8080-exec-2] Loading properties [master-en.i18n] with encoding 'utf-8' 
2022-02-11 09:29:16.555 DEBUG [acme.framework.configuration.ExtendedMessageSource@http-nio-8080-exec-2] Loading properties [throwables-en.i18n] with encoding 'utf-8' 
2022-02-11 09:29:16.556 DEBUG [acme.framework.configuration.ExtendedMessageSource@http-nio-8080-exec-2] Loading properties [validation-en.i18n] with encoding 'utf-8' 
2022-02-11 09:29:16.731 DEBUG [org.apache.jasper.servlet.JspServlet@http-nio-8080-exec-2] JspEngine --> /WEB-INF/views/fragments/welcome.jsp 
2022-02-11 09:29:16.732 DEBUG [org.apache.jasper.servlet.JspServlet@http-nio-8080-exec-2] ServletPath: /WEB-INF/views/master/page.jsp 
2022-02-11 09:29:16.733 DEBUG [org.apache.jasper.servlet.JspServlet@http-nio-8080-exec-2] PathInfo: null 
2022-02-11 09:29:16.734 DEBUG [org.apache.jasper.servlet.JspServlet@http-nio-8080-exec-2] RealPath: C:\Users\andres\Desktop\Workspace-22.0\Starters\Hello-World-22.0\target\classes\WEB-INF\views\fragments\welcome.jsp 
2022-02-11 09:29:16.736 DEBUG [org.apache.jasper.servlet.JspServlet@http-nio-8080-exec-2] RequestURI: /hello-world-22.0/WEB-INF/views/master/page.jsp 
2022-02-11 09:29:16.737 DEBUG [org.apache.jasper.servlet.JspServlet@http-nio-8080-exec-2] QueryString: null 
2022-02-11 09:29:17.216 DEBUG [org.hibernate.SQL@http-nio-8080-exec-2] select useraccoun0_.id as id1_0_, useraccoun0_.version as version2_0_, useraccoun0_.enabled as enabled1_6_, useraccoun0_.identity_email as identity2_6_, useraccoun0_.identity_name as identity3_6_, useraccoun0_.identity_surname as identity4_6_, useraccoun0_.password as password5_6_, useraccoun0_.username as username6_6_ from user_account useraccoun0_ where useraccoun0_.username=? 
2022-02-11 09:29:17.264 TRACE [org.hibernate.type.descriptor.sql.BasicBinder@http-nio-8080-exec-2] binding parameter [1] as [VARCHAR] - [anonymous] 
2022-02-11 09:29:17.472 DEBUG [org.hibernate.SQL@http-nio-8080-exec-2] select roles0_.user_account_id as user_acc1_7_0_, roles0_.id as id1_7_0_, roles0_.id as id1_0_1_, roles0_.version as version2_0_1_, roles0_.user_account_id as user_acc1_7_1_, roles0_.company as company1_4_1_, roles0_.sector as sector2_4_1_, roles0_.company as company1_5_1_, roles0_.sector as sector2_5_1_, roles0_.clazz_ as clazz_1_ from ( select id, version, user_account_id, company, sector, 2 as clazz_ from consumer union all select id, version, user_account_id, company, sector, 3 as clazz_ from provider union all select id, version, user_account_id, null as company, null as sector, 5 as clazz_ from administrator union all select id, version, user_account_id, null as company, null as sector, 6 as clazz_ from anonymous union all select id, version, user_account_id, null as company, null as sector, 7 as clazz_ from authenticated ) roles0_ where roles0_.user_account_id=? 
2022-02-11 09:29:17.478 TRACE [org.hibernate.type.descriptor.sql.BasicBinder@http-nio-8080-exec-2] binding parameter [1] as [INTEGER] - [1] 
