2022-02-11 09:27:18.761 INFO  [acme.Launcher@main] Starting Launcher using Java 1.8.0_281 on ANDRSDURNTEB297 with PID 7752 (C:\Users\andres\Desktop\Workspace-22.0\Frameworks\Acme-Framework-22.0\target\classes started by andres in C:\Users\andres\Desktop\Workspace-22.0\Starters\Hello-World-22.0) 
2022-02-11 09:27:18.765 DEBUG [acme.Launcher@main] Running with Spring Boot v2.4.2, Spring v5.3.3 
2022-02-11 09:27:18.769 INFO  [acme.Launcher@main] The following profiles are active: development,populator 
2022-02-11 09:27:24.975 DEBUG [org.apache.jasper.servlet.JasperInitializer@main] Initializing Jasper for context [application] 
2022-02-11 09:27:36.793 DEBUG [org.apache.jasper.servlet.JspServlet@main] Scratch dir for the JSP engine is: [C:\Users\andres\AppData\Local\Temp\tomcat.8083.5313977774197532604\work\Tomcat\localhost\hello-world-22.0] 
2022-02-11 09:27:36.797 DEBUG [org.apache.jasper.servlet.JspServlet@main] IMPORTANT: Do not modify the generated servlets 
2022-02-11 09:27:36.922 INFO  [acme.Launcher@main] Started Launcher in 20.014 seconds (JVM running for 22.781) 
2022-02-11 09:27:36.942 DEBUG [acme.Launcher@main] Found classpath entry '/C:/Users/andres/Desktop/Workspace-22.0/Starters/Hello-World-22.0/target/test-classes/' 
2022-02-11 09:27:36.943 DEBUG [acme.Launcher@main] Found classpath entry '/C:/Users/andres/Desktop/Workspace-22.0/Starters/Hello-World-22.0/target/classes/' 
2022-02-11 09:27:36.944 DEBUG [acme.Launcher@main] Found classpath entry '/C:/Users/andres/Desktop/Workspace-22.0/Frameworks/Acme-Framework-22.0/target/classes/' 
2022-02-11 09:27:36.945 DEBUG [acme.Launcher@main] Found classpath entry '/C:/Users/andres/Desktop/Workspace-22.0/Frameworks/Acme-Framework-22.0/target/test-classes/' 
2022-02-11 09:27:36.946 DEBUG [acme.Launcher@main] Found classpath entry '/C:/Users/andres/.m2/repository/org/springframework/boot/spring-boot-starter-tomcat/2.4.2/spring-boot-starter-tomcat-2.4.2.jar' 
2022-02-11 09:27:36.947 DEBUG [acme.Launcher@main] Found classpath entry '/C:/Users/andres/.m2/repository/jakarta/annotation/jakarta.annotation-api/1.3.5/jakarta.annotation-api-1.3.5.jar' 
2022-02-11 09:27:36.949 DEBUG [acme.Launcher@main] Found classpath entry '/C:/Users/andres/.m2/repository/org/apache/tomcat/embed/tomcat-embed-core/9.0.41/tomcat-embed-core-9.0.41.jar' 
2022-02-11 09:27:36.950 DEBUG [acme.Launcher@main] Found classpath entry '/C:/Users/andres/.m2/repository/org/glassfish/jakarta.el/3.0.3/jakarta.el-3.0.3.jar' 
2022-02-11 09:27:36.951 DEBUG [acme.Launcher@main] Found classpath entry '/C:/Users/andres/.m2/repository/org/apache/tomcat/embed/tomcat-embed-websocket/9.0.41/tomcat-embed-websocket-9.0.41.jar' 
2022-02-11 09:27:36.952 DEBUG [acme.Launcher@main] Found classpath entry '/C:/Users/andres/.m2/repository/org/apache/tomcat/embed/tomcat-embed-jasper/9.0.41/tomcat-embed-jasper-9.0.41.jar' 
2022-02-11 09:27:36.952 DEBUG [acme.Launcher@main] Found classpath entry '/C:/Users/andres/.m2/repository/org/apache/tomcat/embed/tomcat-embed-el/9.0.41/tomcat-embed-el-9.0.41.jar' 
2022-02-11 09:27:36.953 DEBUG [acme.Launcher@main] Found classpath entry '/C:/Users/andres/.m2/repository/org/eclipse/jdt/ecj/3.18.0/ecj-3.18.0.jar' 
2022-02-11 09:27:36.954 DEBUG [acme.Launcher@main] Found classpath entry '/C:/Users/andres/.m2/repository/javax/servlet/jstl/1.2/jstl-1.2.jar' 
2022-02-11 09:27:36.955 DEBUG [acme.Launcher@main] Found classpath entry '/C:/Users/andres/.m2/repository/org/springframework/boot/spring-boot-starter-test/2.4.2/spring-boot-starter-test-2.4.2.jar' 
2022-02-11 09:27:36.956 DEBUG [acme.Launcher@main] Found classpath entry '/C:/Users/andres/.m2/repository/org/springframework/boot/spring-boot-starter/2.4.2/spring-boot-starter-2.4.2.jar' 
2022-02-11 09:27:36.957 DEBUG [acme.Launcher@main] Found classpath entry '/C:/Users/andres/.m2/repository/org/springframework/boot/spring-boot/2.4.2/spring-boot-2.4.2.jar' 
2022-02-11 09:27:36.958 DEBUG [acme.Launcher@main] Found classpath entry '/C:/Users/andres/.m2/repository/org/springframework/boot/spring-boot-autoconfigure/2.4.2/spring-boot-autoconfigure-2.4.2.jar' 
2022-02-11 09:27:36.959 DEBUG [acme.Launcher@main] Found classpath entry '/C:/Users/andres/.m2/repository/org/springframework/boot/spring-boot-starter-logging/2.4.2/spring-boot-starter-logging-2.4.2.jar' 
2022-02-11 09:27:36.960 DEBUG [acme.Launcher@main] Found classpath entry '/C:/Users/andres/.m2/repository/ch/qos/logback/logback-classic/1.2.3/logback-classic-1.2.3.jar' 
2022-02-11 09:27:36.961 DEBUG [acme.Launcher@main] Found classpath entry '/C:/Users/andres/.m2/repository/ch/qos/logback/logback-core/1.2.3/logback-core-1.2.3.jar' 
2022-02-11 09:27:36.962 DEBUG [acme.Launcher@main] Found classpath entry '/C:/Users/andres/.m2/repository/org/apache/logging/log4j/log4j-to-slf4j/2.13.3/log4j-to-slf4j-2.13.3.jar' 
2022-02-11 09:27:36.962 DEBUG [acme.Launcher@main] Found classpath entry '/C:/Users/andres/.m2/repository/org/apache/logging/log4j/log4j-api/2.13.3/log4j-api-2.13.3.jar' 
2022-02-11 09:27:36.964 DEBUG [acme.Launcher@main] Found classpath entry '/C:/Users/andres/.m2/repository/org/slf4j/jul-to-slf4j/1.7.30/jul-to-slf4j-1.7.30.jar' 
2022-02-11 09:27:36.965 DEBUG [acme.Launcher@main] Found classpath entry '/C:/Users/andres/.m2/repository/org/yaml/snakeyaml/1.27/snakeyaml-1.27.jar' 
2022-02-11 09:27:36.967 DEBUG [acme.Launcher@main] Found classpath entry '/C:/Users/andres/.m2/repository/org/springframework/boot/spring-boot-test/2.4.2/spring-boot-test-2.4.2.jar' 
2022-02-11 09:27:36.968 DEBUG [acme.Launcher@main] Found classpath entry '/C:/Users/andres/.m2/repository/org/springframework/boot/spring-boot-test-autoconfigure/2.4.2/spring-boot-test-autoconfigure-2.4.2.jar' 
2022-02-11 09:27:36.969 DEBUG [acme.Launcher@main] Found classpath entry '/C:/Users/andres/.m2/repository/com/jayway/jsonpath/json-path/2.4.0/json-path-2.4.0.jar' 
2022-02-11 09:27:36.969 DEBUG [acme.Launcher@main] Found classpath entry '/C:/Users/andres/.m2/repository/net/minidev/json-smart/2.3/json-smart-2.3.jar' 
2022-02-11 09:27:36.970 DEBUG [acme.Launcher@main] Found classpath entry '/C:/Users/andres/.m2/repository/net/minidev/accessors-smart/1.2/accessors-smart-1.2.jar' 
2022-02-11 09:27:36.971 DEBUG [acme.Launcher@main] Found classpath entry '/C:/Users/andres/.m2/repository/org/ow2/asm/asm/5.0.4/asm-5.0.4.jar' 
2022-02-11 09:27:36.972 DEBUG [acme.Launcher@main] Found classpath entry '/C:/Users/andres/.m2/repository/jakarta/xml/bind/jakarta.xml.bind-api/2.3.3/jakarta.xml.bind-api-2.3.3.jar' 
2022-02-11 09:27:36.972 DEBUG [acme.Launcher@main] Found classpath entry '/C:/Users/andres/.m2/repository/jakarta/activation/jakarta.activation-api/1.2.2/jakarta.activation-api-1.2.2.jar' 
2022-02-11 09:27:36.973 DEBUG [acme.Launcher@main] Found classpath entry '/C:/Users/andres/.m2/repository/org/assertj/assertj-core/3.18.1/assertj-core-3.18.1.jar' 
2022-02-11 09:27:36.974 DEBUG [acme.Launcher@main] Found classpath entry '/C:/Users/andres/.m2/repository/org/hamcrest/hamcrest/2.2/hamcrest-2.2.jar' 
2022-02-11 09:27:36.975 DEBUG [acme.Launcher@main] Found classpath entry '/C:/Users/andres/.m2/repository/org/junit/jupiter/junit-jupiter/5.7.0/junit-jupiter-5.7.0.jar' 
2022-02-11 09:27:36.976 DEBUG [acme.Launcher@main] Found classpath entry '/C:/Users/andres/.m2/repository/org/mockito/mockito-core/3.6.28/mockito-core-3.6.28.jar' 
2022-02-11 09:27:36.977 DEBUG [acme.Launcher@main] Found classpath entry '/C:/Users/andres/.m2/repository/net/bytebuddy/byte-buddy-agent/1.10.19/byte-buddy-agent-1.10.19.jar' 
2022-02-11 09:27:36.978 DEBUG [acme.Launcher@main] Found classpath entry '/C:/Users/andres/.m2/repository/org/objenesis/objenesis/3.1/objenesis-3.1.jar' 
2022-02-11 09:27:36.979 DEBUG [acme.Launcher@main] Found classpath entry '/C:/Users/andres/.m2/repository/org/mockito/mockito-junit-jupiter/3.6.28/mockito-junit-jupiter-3.6.28.jar' 
2022-02-11 09:27:36.980 DEBUG [acme.Launcher@main] Found classpath entry '/C:/Users/andres/.m2/repository/org/skyscreamer/jsonassert/1.5.0/jsonassert-1.5.0.jar' 
2022-02-11 09:27:36.980 DEBUG [acme.Launcher@main] Found classpath entry '/C:/Users/andres/.m2/repository/com/vaadin/external/google/android-json/0.0.20131108.vaadin1/android-json-0.0.20131108.vaadin1.jar' 
2022-02-11 09:27:36.981 DEBUG [acme.Launcher@main] Found classpath entry '/C:/Users/andres/.m2/repository/org/springframework/spring-core/5.3.3/spring-core-5.3.3.jar' 
2022-02-11 09:27:36.983 DEBUG [acme.Launcher@main] Found classpath entry '/C:/Users/andres/.m2/repository/org/springframework/spring-jcl/5.3.3/spring-jcl-5.3.3.jar' 
2022-02-11 09:27:36.984 DEBUG [acme.Launcher@main] Found classpath entry '/C:/Users/andres/.m2/repository/org/springframework/spring-test/5.3.3/spring-test-5.3.3.jar' 
2022-02-11 09:27:36.984 DEBUG [acme.Launcher@main] Found classpath entry '/C:/Users/andres/.m2/repository/org/xmlunit/xmlunit-core/2.7.0/xmlunit-core-2.7.0.jar' 
2022-02-11 09:27:36.987 DEBUG [acme.Launcher@main] Found classpath entry '/C:/Users/andres/.m2/repository/org/springframework/boot/spring-boot-starter-security/2.4.2/spring-boot-starter-security-2.4.2.jar' 
2022-02-11 09:27:36.988 DEBUG [acme.Launcher@main] Found classpath entry '/C:/Users/andres/.m2/repository/org/springframework/spring-aop/5.3.3/spring-aop-5.3.3.jar' 
2022-02-11 09:27:36.988 DEBUG [acme.Launcher@main] Found classpath entry '/C:/Users/andres/.m2/repository/org/springframework/security/spring-security-web/5.4.2/spring-security-web-5.4.2.jar' 
2022-02-11 09:27:36.989 DEBUG [acme.Launcher@main] Found classpath entry '/C:/Users/andres/.m2/repository/org/springframework/security/spring-security-core/5.4.2/spring-security-core-5.4.2.jar' 
2022-02-11 09:27:36.990 DEBUG [acme.Launcher@main] Found classpath entry '/C:/Users/andres/.m2/repository/org/springframework/spring-beans/5.3.3/spring-beans-5.3.3.jar' 
2022-02-11 09:27:36.991 DEBUG [acme.Launcher@main] Found classpath entry '/C:/Users/andres/.m2/repository/org/springframework/spring-context/5.3.3/spring-context-5.3.3.jar' 
2022-02-11 09:27:36.992 DEBUG [acme.Launcher@main] Found classpath entry '/C:/Users/andres/.m2/repository/org/springframework/spring-expression/5.3.3/spring-expression-5.3.3.jar' 
2022-02-11 09:27:36.992 DEBUG [acme.Launcher@main] Found classpath entry '/C:/Users/andres/.m2/repository/org/springframework/spring-web/5.3.3/spring-web-5.3.3.jar' 
2022-02-11 09:27:36.993 DEBUG [acme.Launcher@main] Found classpath entry '/C:/Users/andres/.m2/repository/org/springframework/security/spring-security-config/5.4.2/spring-security-config-5.4.2.jar' 
2022-02-11 09:27:36.994 DEBUG [acme.Launcher@main] Found classpath entry '/C:/Users/andres/.m2/repository/org/springframework/security/spring-security-taglibs/5.4.2/spring-security-taglibs-5.4.2.jar' 
2022-02-11 09:27:36.995 DEBUG [acme.Launcher@main] Found classpath entry '/C:/Users/andres/.m2/repository/org/springframework/security/spring-security-acl/5.4.2/spring-security-acl-5.4.2.jar' 
2022-02-11 09:27:36.996 DEBUG [acme.Launcher@main] Found classpath entry '/C:/Users/andres/.m2/repository/org/springframework/spring-jdbc/5.3.3/spring-jdbc-5.3.3.jar' 
2022-02-11 09:27:36.996 DEBUG [acme.Launcher@main] Found classpath entry '/C:/Users/andres/.m2/repository/org/springframework/spring-tx/5.3.3/spring-tx-5.3.3.jar' 
2022-02-11 09:27:36.998 DEBUG [acme.Launcher@main] Found classpath entry '/C:/Users/andres/.m2/repository/org/springframework/boot/spring-boot-starter-web/2.4.2/spring-boot-starter-web-2.4.2.jar' 
2022-02-11 09:27:36.999 DEBUG [acme.Launcher@main] Found classpath entry '/C:/Users/andres/.m2/repository/org/springframework/boot/spring-boot-starter-json/2.4.2/spring-boot-starter-json-2.4.2.jar' 
2022-02-11 09:27:37 DEBUG [acme.Launcher@main] Found classpath entry '/C:/Users/andres/.m2/repository/com/fasterxml/jackson/core/jackson-databind/2.11.4/jackson-databind-2.11.4.jar' 
2022-02-11 09:27:37 DEBUG [acme.Launcher@main] Found classpath entry '/C:/Users/andres/.m2/repository/com/fasterxml/jackson/core/jackson-annotations/2.11.4/jackson-annotations-2.11.4.jar' 
2022-02-11 09:27:37.001 DEBUG [acme.Launcher@main] Found classpath entry '/C:/Users/andres/.m2/repository/com/fasterxml/jackson/core/jackson-core/2.11.4/jackson-core-2.11.4.jar' 
2022-02-11 09:27:37.002 DEBUG [acme.Launcher@main] Found classpath entry '/C:/Users/andres/.m2/repository/com/fasterxml/jackson/datatype/jackson-datatype-jdk8/2.11.4/jackson-datatype-jdk8-2.11.4.jar' 
2022-02-11 09:27:37.003 DEBUG [acme.Launcher@main] Found classpath entry '/C:/Users/andres/.m2/repository/com/fasterxml/jackson/datatype/jackson-datatype-jsr310/2.11.4/jackson-datatype-jsr310-2.11.4.jar' 
2022-02-11 09:27:37.003 DEBUG [acme.Launcher@main] Found classpath entry '/C:/Users/andres/.m2/repository/com/fasterxml/jackson/module/jackson-module-parameter-names/2.11.4/jackson-module-parameter-names-2.11.4.jar' 
2022-02-11 09:27:37.005 DEBUG [acme.Launcher@main] Found classpath entry '/C:/Users/andres/.m2/repository/org/springframework/spring-webmvc/5.3.3/spring-webmvc-5.3.3.jar' 
2022-02-11 09:27:37.006 DEBUG [acme.Launcher@main] Found classpath entry '/C:/Users/andres/.m2/repository/org/apache/tiles/tiles-jsp/3.0.8/tiles-jsp-3.0.8.jar' 
2022-02-11 09:27:37.007 DEBUG [acme.Launcher@main] Found classpath entry '/C:/Users/andres/.m2/repository/org/apache/tiles/tiles-servlet/3.0.8/tiles-servlet-3.0.8.jar' 
2022-02-11 09:27:37.009 DEBUG [acme.Launcher@main] Found classpath entry '/C:/Users/andres/.m2/repository/org/apache/tiles/tiles-core/3.0.8/tiles-core-3.0.8.jar' 
2022-02-11 09:27:37.010 DEBUG [acme.Launcher@main] Found classpath entry '/C:/Users/andres/.m2/repository/commons-digester/commons-digester/2.0/commons-digester-2.0.jar' 
2022-02-11 09:27:37.011 DEBUG [acme.Launcher@main] Found classpath entry '/C:/Users/andres/.m2/repository/org/slf4j/jcl-over-slf4j/1.7.30/jcl-over-slf4j-1.7.30.jar' 
2022-02-11 09:27:37.012 DEBUG [acme.Launcher@main] Found classpath entry '/C:/Users/andres/.m2/repository/org/apache/tiles/tiles-request-servlet/1.0.7/tiles-request-servlet-1.0.7.jar' 
2022-02-11 09:27:37.013 DEBUG [acme.Launcher@main] Found classpath entry '/C:/Users/andres/.m2/repository/org/apache/tiles/tiles-template/3.0.8/tiles-template-3.0.8.jar' 
2022-02-11 09:27:37.015 DEBUG [acme.Launcher@main] Found classpath entry '/C:/Users/andres/.m2/repository/org/apache/tiles/tiles-api/3.0.8/tiles-api-3.0.8.jar' 
2022-02-11 09:27:37.017 DEBUG [acme.Launcher@main] Found classpath entry '/C:/Users/andres/.m2/repository/org/apache/tiles/tiles-autotag-core-runtime/1.2/tiles-autotag-core-runtime-1.2.jar' 
2022-02-11 09:27:37.019 DEBUG [acme.Launcher@main] Found classpath entry '/C:/Users/andres/.m2/repository/org/slf4j/slf4j-api/1.7.30/slf4j-api-1.7.30.jar' 
2022-02-11 09:27:37.020 DEBUG [acme.Launcher@main] Found classpath entry '/C:/Users/andres/.m2/repository/org/apache/tiles/tiles-request-jsp/1.0.7/tiles-request-jsp-1.0.7.jar' 
2022-02-11 09:27:37.022 DEBUG [acme.Launcher@main] Found classpath entry '/C:/Users/andres/.m2/repository/org/apache/tiles/tiles-request-api/1.0.7/tiles-request-api-1.0.7.jar' 
2022-02-11 09:27:37.026 DEBUG [acme.Launcher@main] Found classpath entry '/C:/Users/andres/.m2/repository/org/springframework/boot/spring-boot-starter-data-jpa/2.4.2/spring-boot-starter-data-jpa-2.4.2.jar' 
2022-02-11 09:27:37.045 DEBUG [acme.Launcher@main] Found classpath entry '/C:/Users/andres/.m2/repository/org/springframework/boot/spring-boot-starter-aop/2.4.2/spring-boot-starter-aop-2.4.2.jar' 
2022-02-11 09:27:37.079 DEBUG [acme.Launcher@main] Found classpath entry '/C:/Users/andres/.m2/repository/org/aspectj/aspectjweaver/1.9.6/aspectjweaver-1.9.6.jar' 
2022-02-11 09:27:37.080 DEBUG [acme.Launcher@main] Found classpath entry '/C:/Users/andres/.m2/repository/org/springframework/boot/spring-boot-starter-jdbc/2.4.2/spring-boot-starter-jdbc-2.4.2.jar' 
2022-02-11 09:27:37.081 DEBUG [acme.Launcher@main] Found classpath entry '/C:/Users/andres/.m2/repository/jakarta/transaction/jakarta.transaction-api/1.3.3/jakarta.transaction-api-1.3.3.jar' 
2022-02-11 09:27:37.082 DEBUG [acme.Launcher@main] Found classpath entry '/C:/Users/andres/.m2/repository/jakarta/persistence/jakarta.persistence-api/2.2.3/jakarta.persistence-api-2.2.3.jar' 
2022-02-11 09:27:37.083 DEBUG [acme.Launcher@main] Found classpath entry '/C:/Users/andres/.m2/repository/org/hibernate/hibernate-core/5.4.27.Final/hibernate-core-5.4.27.Final.jar' 
2022-02-11 09:27:37.084 DEBUG [acme.Launcher@main] Found classpath entry '/C:/Users/andres/.m2/repository/org/jboss/logging/jboss-logging/3.4.1.Final/jboss-logging-3.4.1.Final.jar' 
2022-02-11 09:27:37.085 DEBUG [acme.Launcher@main] Found classpath entry '/C:/Users/andres/.m2/repository/org/javassist/javassist/3.27.0-GA/javassist-3.27.0-GA.jar' 
2022-02-11 09:27:37.087 DEBUG [acme.Launcher@main] Found classpath entry '/C:/Users/andres/.m2/repository/antlr/antlr/2.7.7/antlr-2.7.7.jar' 
2022-02-11 09:27:37.088 DEBUG [acme.Launcher@main] Found classpath entry '/C:/Users/andres/.m2/repository/org/jboss/jandex/2.1.3.Final/jandex-2.1.3.Final.jar' 
2022-02-11 09:27:37.089 DEBUG [acme.Launcher@main] Found classpath entry '/C:/Users/andres/.m2/repository/com/fasterxml/classmate/1.5.1/classmate-1.5.1.jar' 
2022-02-11 09:27:37.089 DEBUG [acme.Launcher@main] Found classpath entry '/C:/Users/andres/.m2/repository/org/dom4j/dom4j/2.1.3/dom4j-2.1.3.jar' 
2022-02-11 09:27:37.091 DEBUG [acme.Launcher@main] Found classpath entry '/C:/Users/andres/.m2/repository/org/hibernate/common/hibernate-commons-annotations/5.1.2.Final/hibernate-commons-annotations-5.1.2.Final.jar' 
2022-02-11 09:27:37.092 DEBUG [acme.Launcher@main] Found classpath entry '/C:/Users/andres/.m2/repository/org/glassfish/jaxb/jaxb-runtime/2.3.3/jaxb-runtime-2.3.3.jar' 
2022-02-11 09:27:37.093 DEBUG [acme.Launcher@main] Found classpath entry '/C:/Users/andres/.m2/repository/org/glassfish/jaxb/txw2/2.3.3/txw2-2.3.3.jar' 
2022-02-11 09:27:37.094 DEBUG [acme.Launcher@main] Found classpath entry '/C:/Users/andres/.m2/repository/com/sun/istack/istack-commons-runtime/3.0.11/istack-commons-runtime-3.0.11.jar' 
2022-02-11 09:27:37.095 DEBUG [acme.Launcher@main] Found classpath entry '/C:/Users/andres/.m2/repository/com/sun/activation/jakarta.activation/1.2.2/jakarta.activation-1.2.2.jar' 
2022-02-11 09:27:37.096 DEBUG [acme.Launcher@main] Found classpath entry '/C:/Users/andres/.m2/repository/org/springframework/data/spring-data-jpa/2.4.3/spring-data-jpa-2.4.3.jar' 
2022-02-11 09:27:37.096 DEBUG [acme.Launcher@main] Found classpath entry '/C:/Users/andres/.m2/repository/org/springframework/data/spring-data-commons/2.4.3/spring-data-commons-2.4.3.jar' 
2022-02-11 09:27:37.097 DEBUG [acme.Launcher@main] Found classpath entry '/C:/Users/andres/.m2/repository/org/springframework/spring-orm/5.3.3/spring-orm-5.3.3.jar' 
2022-02-11 09:27:37.098 DEBUG [acme.Launcher@main] Found classpath entry '/C:/Users/andres/.m2/repository/org/springframework/spring-aspects/5.3.3/spring-aspects-5.3.3.jar' 
2022-02-11 09:27:37.098 DEBUG [acme.Launcher@main] Found classpath entry '/C:/Users/andres/.m2/repository/org/springframework/boot/spring-boot-starter-validation/2.4.2/spring-boot-starter-validation-2.4.2.jar' 
2022-02-11 09:27:37.100 DEBUG [acme.Launcher@main] Found classpath entry '/C:/Users/andres/.m2/repository/org/hibernate/validator/hibernate-validator/6.1.7.Final/hibernate-validator-6.1.7.Final.jar' 
2022-02-11 09:27:37.101 DEBUG [acme.Launcher@main] Found classpath entry '/C:/Users/andres/.m2/repository/jakarta/validation/jakarta.validation-api/2.0.2/jakarta.validation-api-2.0.2.jar' 
2022-02-11 09:27:37.102 DEBUG [acme.Launcher@main] Found classpath entry '/C:/Users/andres/.m2/repository/mysql/mysql-connector-java/8.0.22/mysql-connector-java-8.0.22.jar' 
2022-02-11 09:27:37.103 DEBUG [acme.Launcher@main] Found classpath entry '/C:/Users/andres/.m2/repository/com/zaxxer/HikariCP/3.4.5/HikariCP-3.4.5.jar' 
2022-02-11 09:27:37.104 DEBUG [acme.Launcher@main] Found classpath entry '/C:/Users/andres/.m2/repository/org/junit/jupiter/junit-jupiter-engine/5.7.0/junit-jupiter-engine-5.7.0.jar' 
2022-02-11 09:27:37.105 DEBUG [acme.Launcher@main] Found classpath entry '/C:/Users/andres/.m2/repository/org/apiguardian/apiguardian-api/1.1.0/apiguardian-api-1.1.0.jar' 
2022-02-11 09:27:37.106 DEBUG [acme.Launcher@main] Found classpath entry '/C:/Users/andres/.m2/repository/org/junit/platform/junit-platform-engine/1.7.0/junit-platform-engine-1.7.0.jar' 
2022-02-11 09:27:37.107 DEBUG [acme.Launcher@main] Found classpath entry '/C:/Users/andres/.m2/repository/org/junit/jupiter/junit-jupiter-api/5.7.0/junit-jupiter-api-5.7.0.jar' 
2022-02-11 09:27:37.107 DEBUG [acme.Launcher@main] Found classpath entry '/C:/Users/andres/.m2/repository/org/opentest4j/opentest4j/1.2.0/opentest4j-1.2.0.jar' 
2022-02-11 09:27:37.108 DEBUG [acme.Launcher@main] Found classpath entry '/C:/Users/andres/.m2/repository/org/junit/platform/junit-platform-commons/1.7.0/junit-platform-commons-1.7.0.jar' 
2022-02-11 09:27:37.108 DEBUG [acme.Launcher@main] Found classpath entry '/C:/Users/andres/.m2/repository/org/junit/jupiter/junit-jupiter-params/5.7.0/junit-jupiter-params-5.7.0.jar' 
2022-02-11 09:27:37.109 DEBUG [acme.Launcher@main] Found classpath entry '/C:/Users/andres/.m2/repository/org/junit/platform/junit-platform-launcher/1.7.0/junit-platform-launcher-1.7.0.jar' 
2022-02-11 09:27:37.109 DEBUG [acme.Launcher@main] Found classpath entry '/C:/Users/andres/.m2/repository/org/seleniumhq/selenium/selenium-java/3.141.59/selenium-java-3.141.59.jar' 
2022-02-11 09:27:37.110 DEBUG [acme.Launcher@main] Found classpath entry '/C:/Users/andres/.m2/repository/org/seleniumhq/selenium/selenium-api/3.141.59/selenium-api-3.141.59.jar' 
2022-02-11 09:27:37.110 DEBUG [acme.Launcher@main] Found classpath entry '/C:/Users/andres/.m2/repository/org/seleniumhq/selenium/selenium-chrome-driver/3.141.59/selenium-chrome-driver-3.141.59.jar' 
2022-02-11 09:27:37.111 DEBUG [acme.Launcher@main] Found classpath entry '/C:/Users/andres/.m2/repository/org/seleniumhq/selenium/selenium-edge-driver/3.141.59/selenium-edge-driver-3.141.59.jar' 
2022-02-11 09:27:37.112 DEBUG [acme.Launcher@main] Found classpath entry '/C:/Users/andres/.m2/repository/org/seleniumhq/selenium/selenium-firefox-driver/3.141.59/selenium-firefox-driver-3.141.59.jar' 
2022-02-11 09:27:37.112 DEBUG [acme.Launcher@main] Found classpath entry '/C:/Users/andres/.m2/repository/org/seleniumhq/selenium/selenium-ie-driver/3.141.59/selenium-ie-driver-3.141.59.jar' 
2022-02-11 09:27:37.113 DEBUG [acme.Launcher@main] Found classpath entry '/C:/Users/andres/.m2/repository/org/seleniumhq/selenium/selenium-opera-driver/3.141.59/selenium-opera-driver-3.141.59.jar' 
2022-02-11 09:27:37.113 DEBUG [acme.Launcher@main] Found classpath entry '/C:/Users/andres/.m2/repository/org/seleniumhq/selenium/selenium-remote-driver/3.141.59/selenium-remote-driver-3.141.59.jar' 
2022-02-11 09:27:37.114 DEBUG [acme.Launcher@main] Found classpath entry '/C:/Users/andres/.m2/repository/org/seleniumhq/selenium/selenium-safari-driver/3.141.59/selenium-safari-driver-3.141.59.jar' 
2022-02-11 09:27:37.114 DEBUG [acme.Launcher@main] Found classpath entry '/C:/Users/andres/.m2/repository/org/seleniumhq/selenium/selenium-support/3.141.59/selenium-support-3.141.59.jar' 
2022-02-11 09:27:37.115 DEBUG [acme.Launcher@main] Found classpath entry '/C:/Users/andres/.m2/repository/net/bytebuddy/byte-buddy/1.10.19/byte-buddy-1.10.19.jar' 
2022-02-11 09:27:37.116 DEBUG [acme.Launcher@main] Found classpath entry '/C:/Users/andres/.m2/repository/org/apache/commons/commons-exec/1.3/commons-exec-1.3.jar' 
2022-02-11 09:27:37.116 DEBUG [acme.Launcher@main] Found classpath entry '/C:/Users/andres/.m2/repository/com/google/guava/guava/25.0-jre/guava-25.0-jre.jar' 
2022-02-11 09:27:37.117 DEBUG [acme.Launcher@main] Found classpath entry '/C:/Users/andres/.m2/repository/com/google/code/findbugs/jsr305/1.3.9/jsr305-1.3.9.jar' 
2022-02-11 09:27:37.117 DEBUG [acme.Launcher@main] Found classpath entry '/C:/Users/andres/.m2/repository/org/checkerframework/checker-compat-qual/2.0.0/checker-compat-qual-2.0.0.jar' 
2022-02-11 09:27:37.118 DEBUG [acme.Launcher@main] Found classpath entry '/C:/Users/andres/.m2/repository/com/google/errorprone/error_prone_annotations/2.1.3/error_prone_annotations-2.1.3.jar' 
2022-02-11 09:27:37.118 DEBUG [acme.Launcher@main] Found classpath entry '/C:/Users/andres/.m2/repository/com/google/j2objc/j2objc-annotations/1.1/j2objc-annotations-1.1.jar' 
2022-02-11 09:27:37.119 DEBUG [acme.Launcher@main] Found classpath entry '/C:/Users/andres/.m2/repository/org/codehaus/mojo/animal-sniffer-annotations/1.14/animal-sniffer-annotations-1.14.jar' 
2022-02-11 09:27:37.119 DEBUG [acme.Launcher@main] Found classpath entry '/C:/Users/andres/.m2/repository/com/squareup/okhttp3/okhttp/3.14.9/okhttp-3.14.9.jar' 
2022-02-11 09:27:37.120 DEBUG [acme.Launcher@main] Found classpath entry '/C:/Users/andres/.m2/repository/com/squareup/okio/okio/1.14.0/okio-1.14.0.jar' 
2022-02-11 09:27:37.120 DEBUG [acme.Launcher@main] Found classpath entry '/C:/Users/andres/.m2/repository/org/apache/commons/commons-lang3/3.11/commons-lang3-3.11.jar' 
2022-02-11 09:27:37.121 DEBUG [acme.Launcher@main] Found classpath entry '/C:/Users/andres/.m2/repository/org/apache/commons/commons-text/1.8/commons-text-1.8.jar' 
2022-02-11 09:27:37.122 DEBUG [acme.Launcher@main] Found classpath entry '/C:/Users/andres/.m2/repository/commons-io/commons-io/2.6/commons-io-2.6.jar' 
2022-02-11 09:27:37.123 DEBUG [acme.Launcher@main] Found classpath entry '/C:/Users/andres/.m2/repository/commons-cli/commons-cli/1.4/commons-cli-1.4.jar' 
2022-02-11 09:27:37.124 DEBUG [acme.Launcher@main] Found classpath entry '/C:/Users/andres/.m2/repository/org/projectlombok/lombok/1.18.16/lombok-1.18.16.jar' 
2022-02-11 09:27:37.124 DEBUG [acme.Launcher@main] Found classpath entry '/C:/Users/andres/.m2/repository/com/opencsv/opencsv/5.4/opencsv-5.4.jar' 
2022-02-11 09:27:37.125 DEBUG [acme.Launcher@main] Found classpath entry '/C:/Users/andres/.m2/repository/commons-beanutils/commons-beanutils/1.9.4/commons-beanutils-1.9.4.jar' 
2022-02-11 09:27:37.126 DEBUG [acme.Launcher@main] Found classpath entry '/C:/Users/andres/.m2/repository/commons-logging/commons-logging/1.2/commons-logging-1.2.jar' 
2022-02-11 09:27:37.126 DEBUG [acme.Launcher@main] Found classpath entry '/C:/Users/andres/.m2/repository/commons-collections/commons-collections/3.2.2/commons-collections-3.2.2.jar' 
2022-02-11 09:27:37.127 DEBUG [acme.Launcher@main] Found classpath entry '/C:/Users/andres/.m2/repository/org/apache/commons/commons-collections4/4.4/commons-collections4-4.4.jar' 
2022-02-11 09:27:37.127 DEBUG [acme.Launcher@main] Found classpath entry '/C:/Users/andres/Desktop/Workspace-22.0/Tools/IDEs/eclipse-jee-2021-12-R/configuration/org.eclipse.osgi/418/0/.cp/lib/javaagent-shaded.jar' 
2022-02-11 09:27:37.258 DEBUG [acme.Launcher@main] Found entity class 'acme.roles.Consumer 
2022-02-11 09:27:37.259 DEBUG [acme.Launcher@main] Found entity class 'acme.roles.Provider 
2022-02-11 09:27:37.259 DEBUG [acme.Launcher@main] Found entity class 'acme.framework.entities.UserAccount 
2022-02-11 09:27:37.259 DEBUG [acme.Launcher@main] Found entity class 'acme.framework.roles.Administrator 
2022-02-11 09:27:37.260 DEBUG [acme.Launcher@main] Found entity class 'acme.framework.roles.Anonymous 
2022-02-11 09:27:37.260 DEBUG [acme.Launcher@main] Found entity class 'acme.framework.roles.Authenticated 
2022-02-11 09:27:37.275 INFO  [acme.Launcher@main] Populating (sample data) 
2022-02-11 09:27:37.279 INFO  [acme.framework.components.database.DatabasePopulator@main] Building database schema 
2022-02-11 09:27:37.358 DEBUG [acme.framework.components.database.DatabaseUtil@main] Starting new transaction. 
2022-02-11 09:27:37.375 DEBUG [acme.framework.components.database.DatabaseUtil@main] Executing command 'set transaction isolation level read uncommitted;'. 
2022-02-11 09:27:37.411 DEBUG [acme.framework.components.database.DatabaseUtil@main] Starting transaction '1244601059'. 
2022-02-11 09:27:37.412 DEBUG [acme.framework.components.database.DatabaseUtil@main] Executing command 'set foreign_key_checks=0'. 
2022-02-11 09:27:37.413 DEBUG [acme.framework.components.database.DatabaseUtil@main] Executing command 'drop table if exists administrator'. 
2022-02-11 09:27:37.462 DEBUG [acme.framework.components.database.DatabaseUtil@main] Executing command 'drop table if exists anonymous'. 
2022-02-11 09:27:37.465 DEBUG [acme.framework.components.database.DatabaseUtil@main] Executing command 'drop table if exists authenticated'. 
2022-02-11 09:27:37.468 DEBUG [acme.framework.components.database.DatabaseUtil@main] Executing command 'drop table if exists consumer'. 
2022-02-11 09:27:37.471 DEBUG [acme.framework.components.database.DatabaseUtil@main] Executing command 'drop table if exists hibernate_sequence'. 
2022-02-11 09:27:37.475 DEBUG [acme.framework.components.database.DatabaseUtil@main] Executing command 'drop table if exists provider'. 
2022-02-11 09:27:37.478 DEBUG [acme.framework.components.database.DatabaseUtil@main] Executing command 'drop table if exists user_account'. 
2022-02-11 09:27:37.481 DEBUG [acme.framework.components.database.DatabaseUtil@main] Executing command 'set foreign_key_checks=1'. 
2022-02-11 09:27:37.482 DEBUG [acme.framework.components.database.DatabaseUtil@main] Committing transaction '1244601059'. 
2022-02-11 09:27:37.504 DEBUG [acme.framework.components.database.DatabaseUtil@main] Starting new transaction. 
2022-02-11 09:27:37.506 DEBUG [acme.framework.components.database.DatabaseUtil@main] Executing command 'set transaction isolation level read uncommitted;'. 
2022-02-11 09:27:37.507 DEBUG [acme.framework.components.database.DatabaseUtil@main] Starting transaction '1322554079'. 
2022-02-11 09:27:37.508 DEBUG [acme.framework.components.database.DatabaseUtil@main] Executing command 'set foreign_key_checks=0'. 
2022-02-11 09:27:37.509 DEBUG [acme.framework.components.database.DatabaseUtil@main] Executing command 'create table administrator (id integer not null, version integer not null, user_account_id integer, primary key (id)) engine=InnoDB'. 
2022-02-11 09:27:37.526 DEBUG [acme.framework.components.database.DatabaseUtil@main] Executing command 'create table anonymous (id integer not null, version integer not null, user_account_id integer, primary key (id)) engine=InnoDB'. 
2022-02-11 09:27:37.533 DEBUG [acme.framework.components.database.DatabaseUtil@main] Executing command 'create table authenticated (id integer not null, version integer not null, user_account_id integer, primary key (id)) engine=InnoDB'. 
2022-02-11 09:27:37.539 DEBUG [acme.framework.components.database.DatabaseUtil@main] Executing command 'create table consumer (id integer not null, version integer not null, user_account_id integer, company varchar(255), sector varchar(255), primary key (id)) engine=InnoDB'. 
2022-02-11 09:27:37.546 DEBUG [acme.framework.components.database.DatabaseUtil@main] Executing command 'create table hibernate_sequence (next_val bigint) engine=InnoDB'. 
2022-02-11 09:27:37.551 DEBUG [acme.framework.components.database.DatabaseUtil@main] Executing command 'insert into hibernate_sequence values ( 1 )'. 
2022-02-11 09:27:37.557 DEBUG [acme.framework.components.database.DatabaseUtil@main] Executing command 'create table provider (id integer not null, version integer not null, user_account_id integer, company varchar(255), sector varchar(255), primary key (id)) engine=InnoDB'. 
2022-02-11 09:27:37.562 DEBUG [acme.framework.components.database.DatabaseUtil@main] Executing command 'create table user_account (id integer not null, version integer not null, enabled bit not null, identity_email varchar(255), identity_name varchar(255), identity_surname varchar(255), password varchar(255), username varchar(255), primary key (id)) engine=InnoDB'. 
2022-02-11 09:27:37.570 DEBUG [acme.framework.components.database.DatabaseUtil@main] Executing command 'alter table user_account add constraint UK_castjbvpeeus0r8lbpehiu0e4 unique (username)'. 
2022-02-11 09:27:37.579 DEBUG [acme.framework.components.database.DatabaseUtil@main] Executing command 'alter table administrator add constraint FK_2a5vcjo3stlfcwadosjfq49l1 foreign key (user_account_id) references user_account (id)'. 
2022-02-11 09:27:37.588 DEBUG [acme.framework.components.database.DatabaseUtil@main] Executing command 'alter table anonymous add constraint FK_6lnbc6fo3om54vugoh8icg78m foreign key (user_account_id) references user_account (id)'. 
2022-02-11 09:27:37.595 DEBUG [acme.framework.components.database.DatabaseUtil@main] Executing command 'alter table authenticated add constraint FK_h52w0f3wjoi68b63wv9vwon57 foreign key (user_account_id) references user_account (id)'. 
2022-02-11 09:27:37.602 DEBUG [acme.framework.components.database.DatabaseUtil@main] Executing command 'alter table consumer add constraint FK_6cyha9f1wpj0dpbxrrjddrqed foreign key (user_account_id) references user_account (id)'. 
2022-02-11 09:27:37.608 DEBUG [acme.framework.components.database.DatabaseUtil@main] Executing command 'alter table provider add constraint FK_b1gwnjqm6ggy9yuiqm0o4rlmd foreign key (user_account_id) references user_account (id)'. 
2022-02-11 09:27:37.615 DEBUG [acme.framework.components.database.DatabaseUtil@main] Executing command 'set foreign_key_checks=1'. 
2022-02-11 09:27:37.616 DEBUG [acme.framework.components.database.DatabaseUtil@main] Committing transaction '1322554079'. 
2022-02-11 09:27:37.622 INFO  [acme.framework.components.database.DatabasePopulator@main] Reading entities from 'classpath:/WEB-INF/resources/initial-data' 
2022-02-11 09:27:37.631 DEBUG [acme.framework.components.database.Dataset@main] Reading dataset from 'C:\Users\andres\Desktop\Workspace-22.0\Starters\Hello-World-22.0\target\classes\WEB-INF\resources\initial-data\administrator.csv' 
2022-02-11 09:27:37.802 DEBUG [acme.framework.components.database.Dataset@main] Reading mapping '{key:user-account=user-account-administrator-01, key=administrator-01}' from 'C:\Users\andres\Desktop\Workspace-22.0\Starters\Hello-World-22.0\target\classes\WEB-INF\resources\initial-data\administrator.csv' 
2022-02-11 09:27:37.805 DEBUG [acme.framework.components.database.Dataset@main] Reading dataset from 'C:\Users\andres\Desktop\Workspace-22.0\Starters\Hello-World-22.0\target\classes\WEB-INF\resources\initial-data\anonymous.csv' 
2022-02-11 09:27:37.807 DEBUG [acme.framework.components.database.Dataset@main] Reading mapping '{key:user-account=user-account-anonymous-01, key=anonymous-01}' from 'C:\Users\andres\Desktop\Workspace-22.0\Starters\Hello-World-22.0\target\classes\WEB-INF\resources\initial-data\anonymous.csv' 
2022-02-11 09:27:37.807 DEBUG [acme.framework.components.database.Dataset@main] Reading dataset from 'C:\Users\andres\Desktop\Workspace-22.0\Starters\Hello-World-22.0\target\classes\WEB-INF\resources\initial-data\authenticated.csv' 
2022-02-11 09:27:37.809 DEBUG [acme.framework.components.database.Dataset@main] Reading mapping '{key:user-account=user-account-administrator-01, key=authenticated-administrator-01}' from 'C:\Users\andres\Desktop\Workspace-22.0\Starters\Hello-World-22.0\target\classes\WEB-INF\resources\initial-data\authenticated.csv' 
2022-02-11 09:27:37.810 DEBUG [acme.framework.components.database.Dataset@main] Reading dataset from 'C:\Users\andres\Desktop\Workspace-22.0\Starters\Hello-World-22.0\target\classes\WEB-INF\resources\initial-data\user-account.csv' 
2022-02-11 09:27:37.813 DEBUG [acme.framework.components.database.Dataset@main] Reading mapping '{password=HIDDEN-PASSWORD, identity=UserIdentity{name: 'John', surname: 'Doe', email: 'john.doe@acme.com'}, key=user-account-anonymous-01, enabled=false, username=anonymous}' from 'C:\Users\andres\Desktop\Workspace-22.0\Starters\Hello-World-22.0\target\classes\WEB-INF\resources\initial-data\user-account.csv' 
2022-02-11 09:27:37.814 DEBUG [acme.framework.components.database.Dataset@main] Reading mapping '{password=administrator, identity=UserIdentity{name: 'Administrator', surname: 'Acme', email: 'administrator@acme.com'}, key=user-account-administrator-01, enabled=true, username=administrator}' from 'C:\Users\andres\Desktop\Workspace-22.0\Starters\Hello-World-22.0\target\classes\WEB-INF\resources\initial-data\user-account.csv' 
2022-02-11 09:27:37.815 DEBUG [acme.framework.components.database.EntityWeb@main] Setting attributes of entities of class acme.framework.roles.Administrator 
2022-02-11 09:27:37.815 DEBUG [acme.framework.components.database.EntityWeb@main] Setting attributes of entities of class acme.framework.entities.UserAccount 
2022-02-11 09:27:38.107 DEBUG [acme.framework.components.database.EntityWeb@main] Setting attributes of entities of class acme.framework.roles.Anonymous 
2022-02-11 09:27:38.107 DEBUG [acme.framework.components.database.EntityWeb@main] Setting attributes of entities of class acme.framework.roles.Authenticated 
2022-02-11 09:27:38.108 DEBUG [acme.framework.components.database.EntityWeb@main] Linking entities of class acme.framework.roles.Administrator 
2022-02-11 09:27:38.118 DEBUG [acme.framework.components.database.EntityWeb@main] Linking entities of class acme.framework.entities.UserAccount 
2022-02-11 09:27:38.119 DEBUG [acme.framework.components.database.EntityWeb@main] Linking entities of class acme.framework.roles.Anonymous 
2022-02-11 09:27:38.129 DEBUG [acme.framework.components.database.EntityWeb@main] Linking entities of class acme.framework.roles.Authenticated 
2022-02-11 09:27:38.138 INFO  [acme.framework.components.database.DatabasePopulator@main] Reading entities from 'classpath:/WEB-INF/resources/sample-data' 
2022-02-11 09:27:38.141 DEBUG [acme.framework.components.database.Dataset@main] Reading dataset from 'C:\Users\andres\Desktop\Workspace-22.0\Starters\Hello-World-22.0\target\classes\WEB-INF\resources\sample-data\consumer.csv' 
2022-02-11 09:27:38.143 DEBUG [acme.framework.components.database.Dataset@main] Reading mapping '{key:user-account=user-account-administrator-01, company=Macarena, Inc., sector=Telecommunications, key=consumer-01}' from 'C:\Users\andres\Desktop\Workspace-22.0\Starters\Hello-World-22.0\target\classes\WEB-INF\resources\sample-data\consumer.csv' 
2022-02-11 09:27:38.144 DEBUG [acme.framework.components.database.Dataset@main] Reading dataset from 'C:\Users\andres\Desktop\Workspace-22.0\Starters\Hello-World-22.0\target\classes\WEB-INF\resources\sample-data\provider.csv' 
2022-02-11 09:27:38.145 DEBUG [acme.framework.components.database.Dataset@main] Reading mapping '{key:user-account=user-account-administrator-01, company=Terra Nets, S.A., sector=Internet, key=provider-01}' from 'C:\Users\andres\Desktop\Workspace-22.0\Starters\Hello-World-22.0\target\classes\WEB-INF\resources\sample-data\provider.csv' 
2022-02-11 09:27:38.146 DEBUG [acme.framework.components.database.EntityWeb@main] Setting attributes of entities of class acme.roles.Consumer 
2022-02-11 09:27:38.157 DEBUG [acme.framework.components.database.EntityWeb@main] Setting attributes of entities of class acme.roles.Provider 
2022-02-11 09:27:38.165 DEBUG [acme.framework.components.database.EntityWeb@main] Linking entities of class acme.roles.Consumer 
2022-02-11 09:27:38.166 DEBUG [acme.framework.components.database.EntityWeb@main] Linking entities of class acme.roles.Provider 
2022-02-11 09:27:38.167 INFO  [acme.framework.components.database.DatabasePopulator@main] Validating your entities 
2022-02-11 09:27:38.335 DEBUG [acme.framework.components.database.DatabasePopulator@main] Validating 'acme.framework.entities.UserAccount@user-account-anonymous-01' ... PASS 
2022-02-11 09:27:38.340 DEBUG [acme.framework.components.database.DatabasePopulator@main] Validating 'acme.framework.entities.UserAccount@user-account-administrator-01' ... PASS 
2022-02-11 09:27:38.366 DEBUG [acme.framework.components.database.DatabasePopulator@main] Validating 'acme.framework.roles.Anonymous@anonymous-01' ... PASS 
2022-02-11 09:27:38.382 DEBUG [acme.framework.components.database.DatabasePopulator@main] Validating 'acme.framework.roles.Authenticated@authenticated-administrator-01' ... PASS 
2022-02-11 09:27:38.398 DEBUG [acme.framework.components.database.DatabasePopulator@main] Validating 'acme.roles.Consumer@consumer-01' ... PASS 
2022-02-11 09:27:38.415 DEBUG [acme.framework.components.database.DatabasePopulator@main] Validating 'acme.roles.Provider@provider-01' ... PASS 
2022-02-11 09:27:38.428 DEBUG [acme.framework.components.database.DatabasePopulator@main] Validating 'acme.framework.roles.Administrator@administrator-01' ... PASS 
2022-02-11 09:27:38.428 INFO  [acme.framework.components.database.DatabasePopulator@main] Sorting your entity classes 
2022-02-11 09:27:38.429 DEBUG [acme.framework.components.database.DatabasePopulator@main] Best topological order for your entity clazzes: 
2022-02-11 09:27:38.430 DEBUG [acme.framework.components.database.DatabasePopulator@main] - acme.framework.entities.UserAccount 
2022-02-11 09:27:38.430 DEBUG [acme.framework.components.database.DatabasePopulator@main] - acme.framework.roles.Administrator 
2022-02-11 09:27:38.430 DEBUG [acme.framework.components.database.DatabasePopulator@main] - acme.framework.roles.Anonymous 
2022-02-11 09:27:38.431 DEBUG [acme.framework.components.database.DatabasePopulator@main] - acme.framework.roles.Authenticated 
2022-02-11 09:27:38.431 DEBUG [acme.framework.components.database.DatabasePopulator@main] - acme.roles.Consumer 
2022-02-11 09:27:38.432 DEBUG [acme.framework.components.database.DatabasePopulator@main] - acme.roles.Provider 
2022-02-11 09:27:38.432 INFO  [acme.framework.components.database.DatabasePopulator@main] Persisting your entities 
2022-02-11 09:27:38.433 DEBUG [acme.framework.components.database.DatabaseUtil@main] Starting new transaction. 
2022-02-11 09:27:38.435 DEBUG [acme.framework.components.database.DatabaseUtil@main] Executing command 'set transaction isolation level read uncommitted;'. 
2022-02-11 09:27:38.436 DEBUG [acme.framework.components.database.DatabaseUtil@main] Starting transaction '1540460994'. 
2022-02-11 09:27:38.437 DEBUG [acme.framework.components.database.DatabasePopulator@main] Persising entities of clazz 'acme.framework.entities.UserAccount' 
2022-02-11 09:27:38.461 DEBUG [org.hibernate.SQL@main] select next_val as id_val from hibernate_sequence for update 
2022-02-11 09:27:38.492 DEBUG [org.hibernate.SQL@main] update hibernate_sequence set next_val= ? where next_val=? 
2022-02-11 09:27:38.539 DEBUG [acme.framework.components.database.DatabaseUtil@main] Persisting entity UserAccount(username=anonymous) 
2022-02-11 09:27:38.541 DEBUG [org.hibernate.SQL@main] select next_val as id_val from hibernate_sequence for update 
2022-02-11 09:27:38.543 DEBUG [org.hibernate.SQL@main] update hibernate_sequence set next_val= ? where next_val=? 
2022-02-11 09:27:38.546 DEBUG [acme.framework.components.database.DatabaseUtil@main] Persisting entity UserAccount(username=administrator) 
2022-02-11 09:27:38.547 DEBUG [acme.framework.components.database.DatabasePopulator@main] Persising entities of clazz 'acme.framework.roles.Administrator' 
2022-02-11 09:27:38.548 DEBUG [org.hibernate.SQL@main] select next_val as id_val from hibernate_sequence for update 
2022-02-11 09:27:38.549 DEBUG [org.hibernate.SQL@main] update hibernate_sequence set next_val= ? where next_val=? 
2022-02-11 09:27:38.553 DEBUG [acme.framework.components.database.DatabaseUtil@main] Persisting entity UserRole(userAccount=UserAccount(username=administrator)) 
2022-02-11 09:27:38.554 DEBUG [acme.framework.components.database.DatabasePopulator@main] Persising entities of clazz 'acme.framework.roles.Anonymous' 
2022-02-11 09:27:38.555 DEBUG [org.hibernate.SQL@main] select next_val as id_val from hibernate_sequence for update 
2022-02-11 09:27:38.556 DEBUG [org.hibernate.SQL@main] update hibernate_sequence set next_val= ? where next_val=? 
2022-02-11 09:27:38.560 DEBUG [acme.framework.components.database.DatabaseUtil@main] Persisting entity UserRole(userAccount=UserAccount(username=anonymous)) 
2022-02-11 09:27:38.560 DEBUG [acme.framework.components.database.DatabasePopulator@main] Persising entities of clazz 'acme.framework.roles.Authenticated' 
2022-02-11 09:27:38.561 DEBUG [org.hibernate.SQL@main] select next_val as id_val from hibernate_sequence for update 
2022-02-11 09:27:38.563 DEBUG [org.hibernate.SQL@main] update hibernate_sequence set next_val= ? where next_val=? 
2022-02-11 09:27:38.566 DEBUG [acme.framework.components.database.DatabaseUtil@main] Persisting entity UserRole(userAccount=UserAccount(username=administrator)) 
2022-02-11 09:27:38.566 DEBUG [acme.framework.components.database.DatabasePopulator@main] Persising entities of clazz 'acme.roles.Consumer' 
2022-02-11 09:27:38.567 DEBUG [org.hibernate.SQL@main] select next_val as id_val from hibernate_sequence for update 
2022-02-11 09:27:38.568 DEBUG [org.hibernate.SQL@main] update hibernate_sequence set next_val= ? where next_val=? 
2022-02-11 09:27:38.571 DEBUG [acme.framework.components.database.DatabaseUtil@main] Persisting entity UserRole(userAccount=UserAccount(username=administrator)) 
2022-02-11 09:27:38.571 DEBUG [acme.framework.components.database.DatabasePopulator@main] Persising entities of clazz 'acme.roles.Provider' 
2022-02-11 09:27:38.573 DEBUG [org.hibernate.SQL@main] select next_val as id_val from hibernate_sequence for update 
2022-02-11 09:27:38.575 DEBUG [org.hibernate.SQL@main] update hibernate_sequence set next_val= ? where next_val=? 
2022-02-11 09:27:38.577 DEBUG [acme.framework.components.database.DatabaseUtil@main] Persisting entity UserRole(userAccount=UserAccount(username=administrator)) 
2022-02-11 09:27:38.578 DEBUG [acme.framework.components.database.DatabaseUtil@main] Committing transaction '1540460994'. 
2022-02-11 09:27:38.626 DEBUG [org.hibernate.SQL@main] insert into user_account (version, enabled, identity_email, identity_name, identity_surname, password, username, id) values (?, ?, ?, ?, ?, ?, ?, ?) 
2022-02-11 09:27:38.634 TRACE [org.hibernate.type.descriptor.sql.BasicBinder@main] binding parameter [1] as [INTEGER] - [0] 
2022-02-11 09:27:38.636 TRACE [org.hibernate.type.descriptor.sql.BasicBinder@main] binding parameter [2] as [BOOLEAN] - [false] 
2022-02-11 09:27:38.637 TRACE [org.hibernate.type.descriptor.sql.BasicBinder@main] binding parameter [3] as [VARCHAR] - [john.doe@acme.com] 
2022-02-11 09:27:38.638 TRACE [org.hibernate.type.descriptor.sql.BasicBinder@main] binding parameter [4] as [VARCHAR] - [John] 
2022-02-11 09:27:38.639 TRACE [org.hibernate.type.descriptor.sql.BasicBinder@main] binding parameter [5] as [VARCHAR] - [Doe] 
2022-02-11 09:27:38.639 TRACE [org.hibernate.type.descriptor.sql.BasicBinder@main] binding parameter [6] as [VARCHAR] - [$2a$05$Zh.KR89H4yW1A5lKgxUADeQAGff2KqfGUfUrlSdUIrGJxXu/2NfZO] 
2022-02-11 09:27:38.639 TRACE [org.hibernate.type.descriptor.sql.BasicBinder@main] binding parameter [7] as [VARCHAR] - [anonymous] 
2022-02-11 09:27:38.640 TRACE [org.hibernate.type.descriptor.sql.BasicBinder@main] binding parameter [8] as [INTEGER] - [1] 
2022-02-11 09:27:38.648 DEBUG [org.hibernate.SQL@main] insert into user_account (version, enabled, identity_email, identity_name, identity_surname, password, username, id) values (?, ?, ?, ?, ?, ?, ?, ?) 
2022-02-11 09:27:38.650 TRACE [org.hibernate.type.descriptor.sql.BasicBinder@main] binding parameter [1] as [INTEGER] - [0] 
2022-02-11 09:27:38.651 TRACE [org.hibernate.type.descriptor.sql.BasicBinder@main] binding parameter [2] as [BOOLEAN] - [true] 
2022-02-11 09:27:38.651 TRACE [org.hibernate.type.descriptor.sql.BasicBinder@main] binding parameter [3] as [VARCHAR] - [administrator@acme.com] 
2022-02-11 09:27:38.651 TRACE [org.hibernate.type.descriptor.sql.BasicBinder@main] binding parameter [4] as [VARCHAR] - [Administrator] 
2022-02-11 09:27:38.652 TRACE [org.hibernate.type.descriptor.sql.BasicBinder@main] binding parameter [5] as [VARCHAR] - [Acme] 
2022-02-11 09:27:38.652 TRACE [org.hibernate.type.descriptor.sql.BasicBinder@main] binding parameter [6] as [VARCHAR] - [$2a$05$SKdD5gCaB3xHwchpv0kyBewgU9dC3fUzUxrqBHS9rbitGXaEV202i] 
2022-02-11 09:27:38.653 TRACE [org.hibernate.type.descriptor.sql.BasicBinder@main] binding parameter [7] as [VARCHAR] - [administrator] 
2022-02-11 09:27:38.653 TRACE [org.hibernate.type.descriptor.sql.BasicBinder@main] binding parameter [8] as [INTEGER] - [2] 
2022-02-11 09:27:38.655 DEBUG [org.hibernate.SQL@main] insert into administrator (version, user_account_id, id) values (?, ?, ?) 
2022-02-11 09:27:38.656 TRACE [org.hibernate.type.descriptor.sql.BasicBinder@main] binding parameter [1] as [INTEGER] - [0] 
2022-02-11 09:27:38.656 TRACE [org.hibernate.type.descriptor.sql.BasicBinder@main] binding parameter [2] as [INTEGER] - [2] 
2022-02-11 09:27:38.657 TRACE [org.hibernate.type.descriptor.sql.BasicBinder@main] binding parameter [3] as [INTEGER] - [3] 
2022-02-11 09:27:38.659 DEBUG [org.hibernate.SQL@main] insert into anonymous (version, user_account_id, id) values (?, ?, ?) 
2022-02-11 09:27:38.660 TRACE [org.hibernate.type.descriptor.sql.BasicBinder@main] binding parameter [1] as [INTEGER] - [0] 
2022-02-11 09:27:38.660 TRACE [org.hibernate.type.descriptor.sql.BasicBinder@main] binding parameter [2] as [INTEGER] - [1] 
2022-02-11 09:27:38.661 TRACE [org.hibernate.type.descriptor.sql.BasicBinder@main] binding parameter [3] as [INTEGER] - [4] 
2022-02-11 09:27:38.663 DEBUG [org.hibernate.SQL@main] insert into authenticated (version, user_account_id, id) values (?, ?, ?) 
2022-02-11 09:27:38.663 TRACE [org.hibernate.type.descriptor.sql.BasicBinder@main] binding parameter [1] as [INTEGER] - [0] 
2022-02-11 09:27:38.665 TRACE [org.hibernate.type.descriptor.sql.BasicBinder@main] binding parameter [2] as [INTEGER] - [2] 
2022-02-11 09:27:38.665 TRACE [org.hibernate.type.descriptor.sql.BasicBinder@main] binding parameter [3] as [INTEGER] - [5] 
2022-02-11 09:27:38.667 DEBUG [org.hibernate.SQL@main] insert into consumer (version, user_account_id, company, sector, id) values (?, ?, ?, ?, ?) 
2022-02-11 09:27:38.668 TRACE [org.hibernate.type.descriptor.sql.BasicBinder@main] binding parameter [1] as [INTEGER] - [0] 
2022-02-11 09:27:38.668 TRACE [org.hibernate.type.descriptor.sql.BasicBinder@main] binding parameter [2] as [INTEGER] - [2] 
2022-02-11 09:27:38.669 TRACE [org.hibernate.type.descriptor.sql.BasicBinder@main] binding parameter [3] as [VARCHAR] - [Macarena, Inc.] 
2022-02-11 09:27:38.669 TRACE [org.hibernate.type.descriptor.sql.BasicBinder@main] binding parameter [4] as [VARCHAR] - [Telecommunications] 
2022-02-11 09:27:38.670 TRACE [org.hibernate.type.descriptor.sql.BasicBinder@main] binding parameter [5] as [INTEGER] - [6] 
2022-02-11 09:27:38.672 DEBUG [org.hibernate.SQL@main] insert into provider (version, user_account_id, company, sector, id) values (?, ?, ?, ?, ?) 
2022-02-11 09:27:38.674 TRACE [org.hibernate.type.descriptor.sql.BasicBinder@main] binding parameter [1] as [INTEGER] - [0] 
2022-02-11 09:27:38.674 TRACE [org.hibernate.type.descriptor.sql.BasicBinder@main] binding parameter [2] as [INTEGER] - [2] 
2022-02-11 09:27:38.674 TRACE [org.hibernate.type.descriptor.sql.BasicBinder@main] binding parameter [3] as [VARCHAR] - [Terra Nets, S.A.] 
2022-02-11 09:27:38.676 TRACE [org.hibernate.type.descriptor.sql.BasicBinder@main] binding parameter [4] as [VARCHAR] - [Internet] 
2022-02-11 09:27:38.676 TRACE [org.hibernate.type.descriptor.sql.BasicBinder@main] binding parameter [5] as [INTEGER] - [7] 
2022-02-11 09:27:39.827 INFO  [acme.framework.configuration.ShutdownConfiguration@main] The system is shutting down... 
2022-02-11 09:27:39.878 DEBUG [acme.Launcher@main] Exit code = 0 
